[INFO  - 2017-10-17T02:04:23.543Z] GhostDriver - Main - running on port 44281
[INFO  - 2017-10-17T02:04:23.869Z] Session [7f24aa90-b2df-11e7-9c65-03377778f7e1] - page.settings - {"XSSAuditingEnabled":false,"javascriptCanCloseWindows":true,"javascriptCanOpenWindows":true,"javascriptEnabled":true,"loadImages":true,"localToRemoteUrlAccessEnabled":false,"userAgent":"Mozilla/5.0 (Windows NT 6.2; WOW64) AppleWebKit/538.1 (KHTML, like Gecko) PhantomJS/2.1.1 Safari/538.1","webSecurityEnabled":true}
[INFO  - 2017-10-17T02:04:23.869Z] Session [7f24aa90-b2df-11e7-9c65-03377778f7e1] - page.customHeaders:  - {}
[INFO  - 2017-10-17T02:04:23.884Z] Session [7f24aa90-b2df-11e7-9c65-03377778f7e1] - Session.negotiatedCapabilities - {"browserName":"phantomjs","version":"2.1.1","driverName":"ghostdriver","driverVersion":"1.2.0","platform":"windows-10-32bit","javascriptEnabled":true,"takesScreenshot":true,"handlesAlerts":false,"databaseEnabled":false,"locationContextEnabled":false,"applicationCacheEnabled":false,"browserConnectionEnabled":false,"cssSelectorsEnabled":true,"webStorageEnabled":false,"rotatable":false,"acceptSslCerts":false,"nativeEvents":true,"proxy":{"proxyType":"direct"}}
[INFO  - 2017-10-17T02:04:23.884Z] SessionManagerReqHand - _postNewSessionCommand - New Session Created: 7f24aa90-b2df-11e7-9c65-03377778f7e1
[ERROR - 2017-10-17T02:04:24.383Z] Session [7f24aa90-b2df-11e7-9c65-03377778f7e1] - page.onError - msg: ReferenceError: Can't find variable: c
[ERROR - 2017-10-17T02:04:24.383Z] Session [7f24aa90-b2df-11e7-9c65-03377778f7e1] - page.onError - stack:
  sendLog (https://ss1.bdstatic.com/5eN1bjq8AAUYm2zgoY3K/r/www/cache/static/protocol/https/plugins/every_cookie_4644b13.js:4)
  (anonymous function) (https://ss1.bdstatic.com/5eN1bjq8AAUYm2zgoY3K/r/www/cache/static/protocol/https/plugins/every_cookie_4644b13.js:5)
[INFO  - 2017-10-17T02:09:23.541Z] SessionManagerReqHand - _cleanupWindowlessSessions - Asynchronous Sessions clean-up phase starting NOW
[INFO  - 2017-10-17T02:14:23.556Z] SessionManagerReqHand - _cleanupWindowlessSessions - Asynchronous Sessions clean-up phase starting NOW
[INFO  - 2017-10-17T02:19:23.556Z] SessionManagerReqHand - _cleanupWindowlessSessions - Asynchronous Sessions clean-up phase starting NOW
[INFO  - 2017-10-17T02:24:23.557Z] SessionManagerReqHand - _cleanupWindowlessSessions - Asynchronous Sessions clean-up phase starting NOW
[INFO  - 2017-10-17T02:29:23.564Z] SessionManagerReqHand - _cleanupWindowlessSessions - Asynchronous Sessions clean-up phase starting NOW
[INFO  - 2017-10-17T02:34:23.566Z] SessionManagerReqHand - _cleanupWindowlessSessions - Asynchronous Sessions clean-up phase starting NOW
[INFO  - 2017-10-17T02:39:23.567Z] SessionManagerReqHand - _cleanupWindowlessSessions - Asynchronous Sessions clean-up phase starting NOW
[INFO  - 2017-10-17T02:44:23.580Z] SessionManagerReqHand - _cleanupWindowlessSessions - Asynchronous Sessions clean-up phase starting NOW
[INFO  - 2017-10-17T02:49:23.579Z] SessionManagerReqHand - _cleanupWindowlessSessions - Asynchronous Sessions clean-up phase starting NOW
[INFO  - 2017-10-17T02:54:23.580Z] SessionManagerReqHand - _cleanupWindowlessSessions - Asynchronous Sessions clean-up phase starting NOW
[INFO  - 2017-10-17T02:59:23.583Z] SessionManagerReqHand - _cleanupWindowlessSessions - Asynchronous Sessions clean-up phase starting NOW
[INFO  - 2017-10-17T03:04:23.595Z] SessionManagerReqHand - _cleanupWindowlessSessions - Asynchronous Sessions clean-up phase starting NOW
[INFO  - 2017-10-17T03:09:23.595Z] SessionManagerReqHand - _cleanupWindowlessSessions - Asynchronous Sessions clean-up phase starting NOW
[INFO  - 2017-10-17T03:14:23.595Z] SessionManagerReqHand - _cleanupWindowlessSessions - Asynchronous Sessions clean-up phase starting NOW
[INFO  - 2017-10-17T03:19:23.594Z] SessionManagerReqHand - _cleanupWindowlessSessions - Asynchronous Sessions clean-up phase starting NOW
[INFO  - 2017-10-17T03:24:23.595Z] SessionManagerReqHand - _cleanupWindowlessSessions - Asynchronous Sessions clean-up phase starting NOW
[INFO  - 2017-10-17T03:29:23.610Z] SessionManagerReqHand - _cleanupWindowlessSessions - Asynchronous Sessions clean-up phase starting NOW
[INFO  - 2017-10-17T03:34:23.613Z] SessionManagerReqHand - _cleanupWindowlessSessions - Asynchronous Sessions clean-up phase starting NOW
and - _cleanupWindowlessSessions - Asynchronous Sessions clean-up phase starting NOW
[INFO  - 2017-10-17T02:56:42.834Z] SessionManagerReqHand - _cleanupWindowlessSessions - Asynchronous Sessions clean-up phase starting NOW
[INFO  - 2017-10-17T03:01:42.835Z] SessionManagerReqHand - _cleanupWindowlessSessions - Asynchronous Sessions clean-up phase starting NOW
[INFO  - 2017-10-17T03:06:42.835Z] SessionManagerReqHand - _cleanupWindowlessSessions - Asynchronous Sessions clean-up phase starting NOW
[INFO  - 2017-10-17T03:11:42.845Z] SessionManagerReqHand - _cleanupWindowlessSessions - Asynchronous Sessions clean-up phase starting NOW
[INFO  - 2017-10-17T03:16:42.845Z] SessionManagerReqHand - _cleanupWindowlessSessions - Asynchronous Sessions clean-up phase starting NOW
[INFO  - 2017-10-17T03:21:42.844Z] SessionManagerReqHand - _cleanupWindowlessSessions - Asynchronous Sessions clean-up phase starting NOW
[INFO  - 2017-10-17T03:26:42.846Z] SessionManagerReqHand - _cleanupWindowlessSessions - Asynchronous Sessions clean-up phase starting NOW
[INFO  - 2017-10-17T03:31:42.845Z] SessionManagerReqHand - _cleanupWindowlessSessions - Asynchronous Sessions clean-up phase starting NOW
[INFO  - 2017-10-17T03:36:42.860Z] SessionManagerReqHand - _cleanupWindowlessSessions - Asynchronous Sessions clean-up phase starting NOW
and - _cleanupWindowlessSessions - Asynchronous Sessions clean-up phase starting NOW
[INFO  - 2017-10-17T03:01:40.501Z] SessionManagerReqHand - _cleanupWindowlessSessions - Asynchronous Sessions clean-up phase starting NOW
[INFO  - 2017-10-17T03:06:40.503Z] SessionManagerReqHand - _cleanupWindowlessSessions - Asynchronous Sessions clean-up phase starting NOW
[INFO  - 2017-10-17T03:11:40.502Z] SessionManagerReqHand - _cleanupWindowlessSessions - Asynchronous Sessions clean-up phase starting NOW
[INFO  - 2017-10-17T03:16:40.503Z] SessionManagerReqHand - _cleanupWindowlessSessions - Asynchronous Sessions clean-up phase starting NOW
[INFO  - 2017-10-17T03:21:40.517Z] SessionManagerReqHand - _cleanupWindowlessSessions - Asynchronous Sessions clean-up phase starting NOW
[INFO  - 2017-10-17T03:26:40.520Z] SessionManagerReqHand - _cleanupWindowlessSessions - Asynchronous Sessions clean-up phase starting NOW
[INFO  - 2017-10-17T03:31:40.521Z] SessionManagerReqHand - _cleanupWindowlessSessions - Asynchronous Sessions clean-up phase starting NOW
[INFO  - 2017-10-17T03:36:40.522Z] SessionManagerReqHand - _cleanupWindowlessSessions - Asynchronous Sessions clean-up phase starting NOW
nd - _cleanupWindowlessSessions - Asynchronous Sessions clean-up phase starting NOW
[INFO  - 2017-10-17T02:59:57.807Z] SessionManagerReqHand - _cleanupWindowlessSessions - Asynchronous Sessions clean-up phase starting NOW
[INFO  - 2017-10-17T03:04:58.254Z] SessionManagerReqHand - _cleanupWindowlessSessions - Asynchronous Sessions clean-up phase starting NOW
[INFO  - 2017-10-17T03:09:58.255Z] SessionManagerReqHand - _cleanupWindowlessSessions - Asynchronous Sessions clean-up phase starting NOW
[INFO  - 2017-10-17T03:14:58.256Z] SessionManagerReqHand - _cleanupWindowlessSessions - Asynchronous Sessions clean-up phase starting NOW
[INFO  - 2017-10-17T03:19:58.258Z] SessionManagerReqHand - _cleanupWindowlessSessions - Asynchronous Sessions clean-up phase starting NOW
[INFO  - 2017-10-17T03:24:58.257Z] SessionManagerReqHand - _cleanupWindowlessSessions - Asynchronous Sessions clean-up phase starting NOW
[INFO  - 2017-10-17T03:29:58.258Z] SessionManagerReqHand - _cleanupWindowlessSessions - Asynchronous Sessions clean-up phase starting NOW
[INFO  - 2017-10-17T03:34:58.257Z] SessionManagerReqHand - _cleanupWindowlessSessions - Asynchronous Sessions clean-up phase starting NOW
and - _cleanupWindowlessSessions - Asynchronous Sessions clean-up phase starting NOW
[INFO  - 2017-10-17T02:55:58.617Z] SessionManagerReqHand - _cleanupWindowlessSessions - Asynchronous Sessions clean-up phase starting NOW
[INFO  - 2017-10-17T03:00:58.617Z] SessionManagerReqHand - _cleanupWindowlessSessions - Asynchronous Sessions clean-up phase starting NOW
[INFO  - 2017-10-17T03:05:59.083Z] SessionManagerReqHand - _cleanupWindowlessSessions - Asynchronous Sessions clean-up phase starting NOW
[INFO  - 2017-10-17T03:10:59.084Z] SessionManagerReqHand - _cleanupWindowlessSessions - Asynchronous Sessions clean-up phase starting NOW
[INFO  - 2017-10-17T03:15:59.084Z] SessionManagerReqHand - _cleanupWindowlessSessions - Asynchronous Sessions clean-up phase starting NOW
[INFO  - 2017-10-17T03:20:59.084Z] SessionManagerReqHand - _cleanupWindowlessSessions - Asynchronous Sessions clean-up phase starting NOW
[INFO  - 2017-10-17T03:25:59.085Z] SessionManagerReqHand - _cleanupWindowlessSessions - Asynchronous Sessions clean-up phase starting NOW
[INFO  - 2017-10-17T03:30:59.088Z] SessionManagerReqHand - _cleanupWindowlessSessions - Asynchronous Sessions clean-up phase starting NOW
[INFO  - 2017-10-17T03:35:59.099Z] SessionManagerReqHand - _cleanupWindowlessSessions - Asynchronous Sessions clean-up phase starting NOW
false,"acceptSslCerts":false,"nativeEvents":true,"proxy":{"proxyType":"direct"}}
[INFO  - 2017-10-17T03:00:08.067Z] SessionManagerReqHand - _postNewSessionCommand - New Session Created: 4870a1e0-b2e7-11e7-926a-7f8d939ddb3a
[ERROR - 2017-10-17T03:00:12.015Z] Session [4870a1e0-b2e7-11e7-926a-7f8d939ddb3a] - page.onError - msg: ReferenceError: Can't find variable: user_name_keypress
[ERROR - 2017-10-17T03:00:12.015Z] Session [4870a1e0-b2e7-11e7-926a-7f8d939ddb3a] - page.onError - stack:
  onkeypress (https://educoder.trustie.net/login:77)
  sendEvent (:0)
  _keyEvent (phantomjs://code/inputs.js:325)
  _pressKey (phantomjs://code/inputs.js:280)
  _sendKeys (phantomjs://code/inputs.js:237)
  _postValueCommand (phantomjs://code/webelement_request_handler.js:288)
  _handle (phantomjs://code/webelement_request_handler.js:72)
  _reroute (phantomjs://code/request_handler.js:61)
  _handle (phantomjs://code/session_request_handler.js:120)
  _reroute (phantomjs://code/request_handler.js:61)
  _handle (phantomjs://code/router_request_handler.js:78)
[ERROR - 2017-10-17T03:00:12.017Z] Session [4870a1e0-b2e7-11e7-926a-7f8d939ddb3a] - page.onError - msg: ReferenceError: Can't find variable: user_name_keypress
[ERROR - 2017-10-17T03:00:12.017Z] Session [4870a1e0-b2e7-11e7-926a-7f8d939ddb3a] - page.onError - stack:
  onkeypress (https://educoder.trustie.net/login:77)
  sendEvent (:0)
  _keyEvent (phantomjs://code/inputs.js:325)
  _pressKey (phantomjs://code/inputs.js:280)
  _sendKeys (phantomjs://code/inputs.js:237)
  _postValueCommand (phantomjs://code/webelement_request_handler.js:288)
  _handle (phantomjs://code/webelement_request_handler.js:72)
  _reroute (phantomjs://code/request_handler.js:61)
  _handle (phantomjs://code/session_request_handler.js:120)
  _reroute (phantomjs://code/request_handler.js:61)
  _handle (phantomjs://code/router_request_handler.js:78)
[ERROR - 2017-10-17T03:00:12.018Z] Session [4870a1e0-b2e7-11e7-926a-7f8d939ddb3a] - page.onError - msg: ReferenceError: Can't find variable: user_name_keypress
[ERROR - 2017-10-17T03:00:12.018Z] Session [4870a1e0-b2e7-11e7-926a-7f8d939ddb3a] - page.onError - stack:
  onkeypress (https://educoder.trustie.net/login:77)
  sendEvent (:0)
  _keyEvent (phantomjs://code/inputs.js:325)
  _pressKey (phantomjs://code/inputs.js:280)
  _sendKeys (phantomjs://code/inputs.js:237)
  _postValueCommand (phantomjs://code/webelement_request_handler.js:288)
  _handle (phantomjs://code/webelement_request_handler.js:72)
  _reroute (phantomjs://code/request_handler.js:61)
  _handle (phantomjs://code/session_request_handler.js:120)
  _reroute (phantomjs://code/request_handler.js:61)
  _handle (phantomjs://code/router_request_handler.js:78)
[ERROR - 2017-10-17T03:00:12.019Z] Session [4870a1e0-b2e7-11e7-926a-7f8d939ddb3a] - page.onError - msg: ReferenceError: Can't find variable: user_name_keypress
[ERROR - 2017-10-17T03:00:12.019Z] Session [4870a1e0-b2e7-11e7-926a-7f8d939ddb3a] - page.onError - stack:
  onkeypress (https://educoder.trustie.net/login:77)
  sendEvent (:0)
  _keyEvent (phantomjs://code/inputs.js:325)
  _pressKey (phantomjs://code/inputs.js:280)
  _sendKeys (phantomjs://code/inputs.js:237)
  _postValueCommand (phantomjs://code/webelement_request_handler.js:288)
  _handle (phantomjs://code/webelement_request_handler.js:72)
  _reroute (phantomjs://code/request_handler.js:61)
  _handle (phantomjs://code/session_request_handler.js:120)
  _reroute (phantomjs://code/request_handler.js:61)
  _handle (phantomjs://code/router_request_handler.js:78)
[ERROR - 2017-10-17T03:00:12.019Z] Session [4870a1e0-b2e7-11e7-926a-7f8d939ddb3a] - page.onError - msg: ReferenceError: Can't find variable: user_name_keypress
[ERROR - 2017-10-17T03:00:12.020Z] Session [4870a1e0-b2e7-11e7-926a-7f8d939ddb3a] - page.onError - stack:
  onkeypress (https://educoder.trustie.net/login:77)
  sendEvent (:0)
  _keyEvent (phantomjs://code/inputs.js:325)
  _pressKey (phantomjs://code/inputs.js:280)
  _sendKeys (phantomjs://code/inputs.js:237)
  _postValueCommand (phantomjs://code/webelement_request_handler.js:288)
  _handle (phantomjs://code/webelement_request_handler.js:72)
  _reroute (phantomjs://code/request_handler.js:61)
  _handle (phantomjs://code/session_request_handler.js:120)
  _reroute (phantomjs://code/request_handler.js:61)
  _handle (phantomjs://code/router_request_handler.js:78)
[ERROR - 2017-10-17T03:00:12.021Z] Session [4870a1e0-b2e7-11e7-926a-7f8d939ddb3a] - page.onError - msg: ReferenceError: Can't find variable: user_name_keypress
[ERROR - 2017-10-17T03:00:12.021Z] Session [4870a1e0-b2e7-11e7-926a-7f8d939ddb3a] - page.onError - stack:
  onkeypress (https://educoder.trustie.net/login:77)
  sendEvent (:0)
  _keyEvent (phantomjs://code/inputs.js:325)
  _pressKey (phantomjs://code/inputs.js:280)
  _sendKeys (phantomjs://code/inputs.js:237)
  _postValueCommand (phantomjs://code/webelement_request_handler.js:288)
  _handle (phantomjs://code/webelement_request_handler.js:72)
  _reroute (phantomjs://code/request_handler.js:61)
  _handle (phantomjs://code/session_request_handler.js:120)
  _reroute (phantomjs://code/request_handler.js:61)
  _handle (phantomjs://code/router_request_handler.js:78)
[ERROR - 2017-10-17T03:00:12.022Z] Session [4870a1e0-b2e7-11e7-926a-7f8d939ddb3a] - page.onError - msg: ReferenceError: Can't find variable: user_name_keypress
[ERROR - 2017-10-17T03:00:12.022Z] Session [4870a1e0-b2e7-11e7-926a-7f8d939ddb3a] - page.onError - stack:
  onkeypress (https://educoder.trustie.net/login:77)
  sendEvent (:0)
  _keyEvent (phantomjs://code/inputs.js:325)
  _pressKey (phantomjs://code/inputs.js:280)
  _sendKeys (phantomjs://code/inputs.js:237)
  _postValueCommand (phantomjs://code/webelement_request_handler.js:288)
  _handle (phantomjs://code/webelement_request_handler.js:72)
  _reroute (phantomjs://code/request_handler.js:61)
  _handle (phantomjs://code/session_request_handler.js:120)
  _reroute (phantomjs://code/request_handler.js:61)
  _handle (phantomjs://code/router_request_handler.js:78)
[ERROR - 2017-10-17T03:00:12.023Z] Session [4870a1e0-b2e7-11e7-926a-7f8d939ddb3a] - page.onError - msg: ReferenceError: Can't find variable: user_name_keypress
[ERROR - 2017-10-17T03:00:12.023Z] Session [4870a1e0-b2e7-11e7-926a-7f8d939ddb3a] - page.onError - stack:
  onkeypress (https://educoder.trustie.net/login:77)
  sendEvent (:0)
  _keyEvent (phantomjs://code/inputs.js:325)
  _pressKey (phantomjs://code/inputs.js:280)
  _sendKeys (phantomjs://code/inputs.js:231)
  _postValueCommand (phantomjs://code/webelement_request_handler.js:288)
  _handle (phantomjs://code/webelement_request_handler.js:72)
  _reroute (phantomjs://code/request_handler.js:61)
  _handle (phantomjs://code/session_request_handler.js:120)
  _reroute (phantomjs://code/request_handler.js:61)
  _handle (phantomjs://code/router_request_handler.js:78)
[ERROR - 2017-10-17T03:00:12.025Z] Session [4870a1e0-b2e7-11e7-926a-7f8d939ddb3a] - page.onError - msg: ReferenceError: Can't find variable: user_name_keypress
[ERROR - 2017-10-17T03:00:12.025Z] Session [4870a1e0-b2e7-11e7-926a-7f8d939ddb3a] - page.onError - stack:
  onkeypress (https://educoder.trustie.net/login:77)
  sendEvent (:0)
  _keyEvent (phantomjs://code/inputs.js:325)
  _pressKey (phantomjs://code/inputs.js:280)
  _sendKeys (phantomjs://code/inputs.js:237)
  _postValueCommand (phantomjs://code/webelement_request_handler.js:288)
  _handle (phantomjs://code/webelement_request_handler.js:72)
  _reroute (phantomjs://code/request_handler.js:61)
  _handle (phantomjs://code/session_request_handler.js:120)
  _reroute (phantomjs://code/request_handler.js:61)
  _handle (phantomjs://code/router_request_handler.js:78)
[ERROR - 2017-10-17T03:00:12.026Z] Session [4870a1e0-b2e7-11e7-926a-7f8d939ddb3a] - page.onError - msg: ReferenceError: Can't find variable: user_name_keypress
[ERROR - 2017-10-17T03:00:12.026Z] Session [4870a1e0-b2e7-11e7-926a-7f8d939ddb3a] - page.onError - stack:
  onkeypress (https://educoder.trustie.net/login:77)
  sendEvent (:0)
  _keyEvent (phantomjs://code/inputs.js:325)
  _pressKey (phantomjs://code/inputs.js:280)
  _sendKeys (phantomjs://code/inputs.js:237)
  _postValueCommand (phantomjs://code/webelement_request_handler.js:288)
  _handle (phantomjs://code/webelement_request_handler.js:72)
  _reroute (phantomjs://code/request_handler.js:61)
  _handle (phantomjs://code/session_request_handler.js:120)
  _reroute (phantomjs://code/request_handler.js:61)
  _handle (phantomjs://code/router_request_handler.js:78)
[ERROR - 2017-10-17T03:00:12.027Z] Session [4870a1e0-b2e7-11e7-926a-7f8d939ddb3a] - page.onError - msg: ReferenceError: Can't find variable: user_name_keypress
[ERROR - 2017-10-17T03:00:12.027Z] Session [4870a1e0-b2e7-11e7-926a-7f8d939ddb3a] - page.onError - stack:
  onkeypress (https://educoder.trustie.net/login:77)
  sendEvent (:0)
  _keyEvent (phantomjs://code/inputs.js:325)
  _pressKey (phantomjs://code/inputs.js:280)
  _sendKeys (phantomjs://code/inputs.js:237)
  _postValueCommand (phantomjs://code/webelement_request_handler.js:288)
  _handle (phantomjs://code/webelement_request_handler.js:72)
  _reroute (phantomjs://code/request_handler.js:61)
  _handle (phantomjs://code/session_request_handler.js:120)
  _reroute (phantomjs://code/request_handler.js:61)
  _handle (phantomjs://code/router_request_handler.js:78)
[ERROR - 2017-10-17T03:00:12.028Z] Session [4870a1e0-b2e7-11e7-926a-7f8d939ddb3a] - page.onError - msg: ReferenceError: Can't find variable: user_name_keypress
[ERROR - 2017-10-17T03:00:12.029Z] Session [4870a1e0-b2e7-11e7-926a-7f8d939ddb3a] - page.onError - stack:
  onkeypress (https://educoder.trustie.net/login:77)
  sendEvent (:0)
  _keyEvent (phantomjs://code/inputs.js:325)
  _pressKey (phantomjs://code/inputs.js:280)
  _sendKeys (phantomjs://code/inputs.js:237)
  _postValueCommand (phantomjs://code/webelement_request_handler.js:288)
  _handle (phantomjs://code/webelement_request_handler.js:72)
  _reroute (phantomjs://code/request_handler.js:61)
  _handle (phantomjs://code/session_request_handler.js:120)
  _reroute (phantomjs://code/request_handler.js:61)
  _handle (phantomjs://code/router_request_handler.js:78)
[ERROR - 2017-10-17T03:00:12.031Z] Session [4870a1e0-b2e7-11e7-926a-7f8d939ddb3a] - page.onError - msg: ReferenceError: Can't find variable: user_name_keypress
[ERROR - 2017-10-17T03:00:12.031Z] Session [4870a1e0-b2e7-11e7-926a-7f8d939ddb3a] - page.onError - stack:
  onkeypress (https://educoder.trustie.net/login:77)
  sendEvent (:0)
  _keyEvent (phantomjs://code/inputs.js:325)
  _pressKey (phantomjs://code/inputs.js:280)
  _sendKeys (phantomjs://code/inputs.js:237)
  _postValueCommand (phantomjs://code/webelement_request_handler.js:288)
  _handle (phantomjs://code/webelement_request_handler.js:72)
  _reroute (phantomjs://code/request_handler.js:61)
  _handle (phantomjs://code/session_request_handler.js:120)
  _reroute (phantomjs://code/request_handler.js:61)
  _handle (phantomjs://code/router_request_handler.js:78)
[ERROR - 2017-10-17T03:00:12.032Z] Session [4870a1e0-b2e7-11e7-926a-7f8d939ddb3a] - page.onError - msg: ReferenceError: Can't find variable: user_name_keypress
[ERROR - 2017-10-17T03:00:12.032Z] Session [4870a1e0-b2e7-11e7-926a-7f8d939ddb3a] - page.onError - stack:
  onkeypress (https://educoder.trustie.net/login:77)
  sendEvent (:0)
  _keyEvent (phantomjs://code/inputs.js:325)
  _pressKey (phantomjs://code/inputs.js:280)
  _sendKeys (phantomjs://code/inputs.js:237)
  _postValueCommand (phantomjs://code/webelement_request_handler.js:288)
  _handle (phantomjs://code/webelement_request_handler.js:72)
  _reroute (phantomjs://code/request_handler.js:61)
  _handle (phantomjs://code/session_request_handler.js:120)
  _reroute (phantomjs://code/request_handler.js:61)
  _handle (phantomjs://code/router_request_handler.js:78)
[ERROR - 2017-10-17T03:00:12.033Z] Session [4870a1e0-b2e7-11e7-926a-7f8d939ddb3a] - page.onError - msg: ReferenceError: Can't find variable: user_name_keypress
[ERROR - 2017-10-17T03:00:12.033Z] Session [4870a1e0-b2e7-11e7-926a-7f8d939ddb3a] - page.onError - stack:
  onkeypress (https://educoder.trustie.net/login:77)
  sendEvent (:0)
  _keyEvent (phantomjs://code/inputs.js:325)
  _pressKey (phantomjs://code/inputs.js:280)
  _sendKeys (phantomjs://code/inputs.js:237)
  _postValueCommand (phantomjs://code/webelement_request_handler.js:288)
  _handle (phantomjs://code/webelement_request_handler.js:72)
  _reroute (phantomjs://code/request_handler.js:61)
  _handle (phantomjs://code/session_request_handler.js:120)
  _reroute (phantomjs://code/request_handler.js:61)
  _handle (phantomjs://code/router_request_handler.js:78)
[ERROR - 2017-10-17T03:00:12.096Z] Session [4870a1e0-b2e7-11e7-926a-7f8d939ddb3a] - page.onError - msg: ReferenceError: Can't find variable: user_name_keypress
[ERROR - 2017-10-17T03:00:12.096Z] Session [4870a1e0-b2e7-11e7-926a-7f8d939ddb3a] - page.onError - stack:
  onkeypress (https://educoder.trustie.net/login:81)
  sendEvent (:0)
  _keyEvent (phantomjs://code/inputs.js:325)
  _pressKey (phantomjs://code/inputs.js:280)
  _sendKeys (phantomjs://code/inputs.js:237)
  _postValueCommand (phantomjs://code/webelement_request_handler.js:288)
  _handle (phantomjs://code/webelement_request_handler.js:72)
  _reroute (phantomjs://code/request_handler.js:61)
  _handle (phantomjs://code/session_request_handler.js:120)
  _reroute (phantomjs://code/request_handler.js:61)
  _handle (phantomjs://code/router_request_handler.js:78)
[ERROR - 2017-10-17T03:00:12.115Z] Session [4870a1e0-b2e7-11e7-926a-7f8d939ddb3a] - page.onError - msg: ReferenceError: Can't find variable: user_name_keypress
[ERROR - 2017-10-17T03:00:12.115Z] Session [4870a1e0-b2e7-11e7-926a-7f8d939ddb3a] - page.onError - stack:
  onkeypress (https://educoder.trustie.net/login:81)
  sendEvent (:0)
  _keyEvent (phantomjs://code/inputs.js:325)
  _pressKey (phantomjs://code/inputs.js:280)
  _sendKeys (phantomjs://code/inputs.js:237)
  _postValueCommand (phantomjs://code/webelement_request_handler.js:288)
  _handle (phantomjs://code/webelement_request_handler.js:72)
  _reroute (phantomjs://code/request_handler.js:61)
  _handle (phantomjs://code/session_request_handler.js:120)
  _reroute (phantomjs://code/request_handler.js:61)
  _handle (phantomjs://code/router_request_handler.js:78)
[ERROR - 2017-10-17T03:00:12.116Z] Session [4870a1e0-b2e7-11e7-926a-7f8d939ddb3a] - page.onError - msg: ReferenceError: Can't find variable: user_name_keypress
[ERROR - 2017-10-17T03:00:12.116Z] Session [4870a1e0-b2e7-11e7-926a-7f8d939ddb3a] - page.onError - stack:
  onkeypress (https://educoder.trustie.net/login:81)
  sendEvent (:0)
  _keyEvent (phantomjs://code/inputs.js:325)
  _pressKey (phantomjs://code/inputs.js:280)
  _sendKeys (phantomjs://code/inputs.js:237)
  _postValueCommand (phantomjs://code/webelement_request_handler.js:288)
  _handle (phantomjs://code/webelement_request_handler.js:72)
  _reroute (phantomjs://code/request_handler.js:61)
  _handle (phantomjs://code/session_request_handler.js:120)
  _reroute (phantomjs://code/request_handler.js:61)
  _handle (phantomjs://code/router_request_handler.js:78)
[ERROR - 2017-10-17T03:00:12.117Z] Session [4870a1e0-b2e7-11e7-926a-7f8d939ddb3a] - page.onError - msg: ReferenceError: Can't find variable: user_name_keypress
[ERROR - 2017-10-17T03:00:12.117Z] Session [4870a1e0-b2e7-11e7-926a-7f8d939ddb3a] - page.onError - stack:
  onkeypress (https://educoder.trustie.net/login:81)
  sendEvent (:0)
  _keyEvent (phantomjs://code/inputs.js:325)
  _pressKey (phantomjs://code/inputs.js:280)
  _sendKeys (phantomjs://code/inputs.js:237)
  _postValueCommand (phantomjs://code/webelement_request_handler.js:288)
  _handle (phantomjs://code/webelement_request_handler.js:72)
  _reroute (phantomjs://code/request_handler.js:61)
  _handle (phantomjs://code/session_request_handler.js:120)
  _reroute (phantomjs://code/request_handler.js:61)
  _handle (phantomjs://code/router_request_handler.js:78)
[ERROR - 2017-10-17T03:00:12.118Z] Session [4870a1e0-b2e7-11e7-926a-7f8d939ddb3a] - page.onError - msg: ReferenceError: Can't find variable: user_name_keypress
[ERROR - 2017-10-17T03:00:12.118Z] Session [4870a1e0-b2e7-11e7-926a-7f8d939ddb3a] - page.onError - stack:
  onkeypress (https://educoder.trustie.net/login:81)
  sendEvent (:0)
  _keyEvent (phantomjs://code/inputs.js:325)
  _pressKey (phantomjs://code/inputs.js:280)
  _sendKeys (phantomjs://code/inputs.js:237)
  _postValueCommand (phantomjs://code/webelement_request_handler.js:288)
  _handle (phantomjs://code/webelement_request_handler.js:72)
  _reroute (phantomjs://code/request_handler.js:61)
  _handle (phantomjs://code/session_request_handler.js:120)
  _reroute (phantomjs://code/request_handler.js:61)
  _handle (phantomjs://code/router_request_handler.js:78)
[ERROR - 2017-10-17T03:00:12.119Z] Session [4870a1e0-b2e7-11e7-926a-7f8d939ddb3a] - page.onError - msg: ReferenceError: Can't find variable: user_name_keypress
[ERROR - 2017-10-17T03:00:12.119Z] Session [4870a1e0-b2e7-11e7-926a-7f8d939ddb3a] - page.onError - stack:
  onkeypress (https://educoder.trustie.net/login:81)
  sendEvent (:0)
  _keyEvent (phantomjs://code/inputs.js:325)
  _pressKey (phantomjs://code/inputs.js:280)
  _sendKeys (phantomjs://code/inputs.js:237)
  _postValueCommand (phantomjs://code/webelement_request_handler.js:288)
  _handle (phantomjs://code/webelement_request_handler.js:72)
  _reroute (phantomjs://code/request_handler.js:61)
  _handle (phantomjs://code/session_request_handler.js:120)
  _reroute (phantomjs://code/request_handler.js:61)
  _handle (phantomjs://code/router_request_handler.js:78)
[ERROR - 2017-10-17T03:00:12.120Z] Session [4870a1e0-b2e7-11e7-926a-7f8d939ddb3a] - page.onError - msg: ReferenceError: Can't find variable: user_name_keypress
[ERROR - 2017-10-17T03:00:12.120Z] Session [4870a1e0-b2e7-11e7-926a-7f8d939ddb3a] - page.onError - stack:
  onkeypress (https://educoder.trustie.net/login:81)
  sendEvent (:0)
  _keyEvent (phantomjs://code/inputs.js:325)
  _pressKey (phantomjs://code/inputs.js:280)
  _sendKeys (phantomjs://code/inputs.js:237)
  _postValueCommand (phantomjs://code/webelement_request_handler.js:288)
  _handle (phantomjs://code/webelement_request_handler.js:72)
  _reroute (phantomjs://code/request_handler.js:61)
  _handle (phantomjs://code/session_request_handler.js:120)
  _reroute (phantomjs://code/request_handler.js:61)
  _handle (phantomjs://code/router_request_handler.js:78)
[ERROR - 2017-10-17T03:00:12.121Z] Session [4870a1e0-b2e7-11e7-926a-7f8d939ddb3a] - page.onError - msg: ReferenceError: Can't find variable: user_name_keypress
[ERROR - 2017-10-17T03:00:12.121Z] Session [4870a1e0-b2e7-11e7-926a-7f8d939ddb3a] - page.onError - stack:
  onkeypress (https://educoder.trustie.net/login:81)
  sendEvent (:0)
  _keyEvent (phantomjs://code/inputs.js:325)
  _pressKey (phantomjs://code/inputs.js:280)
  _sendKeys (phantomjs://code/inputs.js:237)
  _postValueCommand (phantomjs://code/webelement_request_handler.js:288)
  _handle (phantomjs://code/webelement_request_handler.js:72)
  _reroute (phantomjs://code/request_handler.js:61)
  _handle (phantomjs://code/session_request_handler.js:120)
  _reroute (phantomjs://code/request_handler.js:61)
  _handle (phantomjs://code/router_request_handler.js:78)
[ERROR - 2017-10-17T03:00:14.801Z] Session [4870a1e0-b2e7-11e7-926a-7f8d939ddb3a] - page.onError - msg: ReferenceError: Can't find variable: prettyPrint
[ERROR - 2017-10-17T03:00:14.801Z] Session [4870a1e0-b2e7-11e7-926a-7f8d939ddb3a] - page.onError - stack:
  onload (https://educoder.trustie.net/users/m92407385:43)
[INFO  - 2017-10-17T03:05:07.944Z] SessionManagerReqHand - _cleanupWindowlessSessions - Asynchronous Sessions clean-up phase starting NOW
[INFO  - 2017-10-17T03:10:07.943Z] SessionManagerReqHand - _cleanupWindowlessSessions - Asynchronous Sessions clean-up phase starting NOW
[INFO  - 2017-10-17T03:15:07.944Z] SessionManagerReqHand - _cleanupWindowlessSessions - Asynchronous Sessions clean-up phase starting NOW
[INFO  - 2017-10-17T03:20:07.945Z] SessionManagerReqHand - _cleanupWindowlessSessions - Asynchronous Sessions clean-up phase starting NOW
[INFO  - 2017-10-17T03:25:07.945Z] SessionManagerReqHand - _cleanupWindowlessSessions - Asynchronous Sessions clean-up phase starting NOW
[INFO  - 2017-10-17T03:30:07.945Z] SessionManagerReqHand - _cleanupWindowlessSessions - Asynchronous Sessions clean-up phase starting NOW
[INFO  - 2017-10-17T03:35:07.964Z] SessionManagerReqHand - _cleanupWindowlessSessions - Asynchronous Sessions clean-up phase starting NOW
":"windows-10-32bit","javascriptEnabled":true,"takesScreenshot":true,"handlesAlerts":false,"databaseEnabled":false,"locationContextEnabled":false,"applicationCacheEnabled":false,"browserConnectionEnabled":false,"cssSelectorsEnabled":true,"webStorageEnabled":false,"rotatable":false,"acceptSslCerts":false,"nativeEvents":true,"proxy":{"proxyType":"direct"}}
[INFO  - 2017-10-17T03:07:28.273Z] SessionManagerReqHand - _postNewSessionCommand - New Session Created: 4ed2e3d0-b2e8-11e7-9333-796a93ebce2f
[ERROR - 2017-10-17T03:08:22.372Z] Session [4ed2e3d0-b2e8-11e7-9333-796a93ebce2f] - page.onError - msg: ReferenceError: Can't find variable: user_name_keypress
[ERROR - 2017-10-17T03:08:22.372Z] Session [4ed2e3d0-b2e8-11e7-9333-796a93ebce2f] - page.onError - stack:
  onkeypress (https://educoder.trustie.net/login:77)
  sendEvent (:0)
  _keyEvent (phantomjs://code/inputs.js:325)
  _pressKey (phantomjs://code/inputs.js:280)
  _sendKeys (phantomjs://code/inputs.js:237)
  _postValueCommand (phantomjs://code/webelement_request_handler.js:288)
  _handle (phantomjs://code/webelement_request_handler.js:72)
  _reroute (phantomjs://code/request_handler.js:61)
  _handle (phantomjs://code/session_request_handler.js:120)
  _reroute (phantomjs://code/request_handler.js:61)
  _handle (phantomjs://code/router_request_handler.js:78)
[ERROR - 2017-10-17T03:08:22.374Z] Session [4ed2e3d0-b2e8-11e7-9333-796a93ebce2f] - page.onError - msg: ReferenceError: Can't find variable: user_name_keypress
[ERROR - 2017-10-17T03:08:22.374Z] Session [4ed2e3d0-b2e8-11e7-9333-796a93ebce2f] - page.onError - stack:
  onkeypress (https://educoder.trustie.net/login:77)
  sendEvent (:0)
  _keyEvent (phantomjs://code/inputs.js:325)
  _pressKey (phantomjs://code/inputs.js:280)
  _sendKeys (phantomjs://code/inputs.js:237)
  _postValueCommand (phantomjs://code/webelement_request_handler.js:288)
  _handle (phantomjs://code/webelement_request_handler.js:72)
  _reroute (phantomjs://code/request_handler.js:61)
  _handle (phantomjs://code/session_request_handler.js:120)
  _reroute (phantomjs://code/request_handler.js:61)
  _handle (phantomjs://code/router_request_handler.js:78)
[ERROR - 2017-10-17T03:08:22.375Z] Session [4ed2e3d0-b2e8-11e7-9333-796a93ebce2f] - page.onError - msg: ReferenceError: Can't find variable: user_name_keypress
[ERROR - 2017-10-17T03:08:22.375Z] Session [4ed2e3d0-b2e8-11e7-9333-796a93ebce2f] - page.onError - stack:
  onkeypress (https://educoder.trustie.net/login:77)
  sendEvent (:0)
  _keyEvent (phantomjs://code/inputs.js:325)
  _pressKey (phantomjs://code/inputs.js:280)
  _sendKeys (phantomjs://code/inputs.js:237)
  _postValueCommand (phantomjs://code/webelement_request_handler.js:288)
  _handle (phantomjs://code/webelement_request_handler.js:72)
  _reroute (phantomjs://code/request_handler.js:61)
  _handle (phantomjs://code/session_request_handler.js:120)
  _reroute (phantomjs://code/request_handler.js:61)
  _handle (phantomjs://code/router_request_handler.js:78)
[ERROR - 2017-10-17T03:08:22.376Z] Session [4ed2e3d0-b2e8-11e7-9333-796a93ebce2f] - page.onError - msg: ReferenceError: Can't find variable: user_name_keypress
[ERROR - 2017-10-17T03:08:22.376Z] Session [4ed2e3d0-b2e8-11e7-9333-796a93ebce2f] - page.onError - stack:
  onkeypress (https://educoder.trustie.net/login:77)
  sendEvent (:0)
  _keyEvent (phantomjs://code/inputs.js:325)
  _pressKey (phantomjs://code/inputs.js:280)
  _sendKeys (phantomjs://code/inputs.js:237)
  _postValueCommand (phantomjs://code/webelement_request_handler.js:288)
  _handle (phantomjs://code/webelement_request_handler.js:72)
  _reroute (phantomjs://code/request_handler.js:61)
  _handle (phantomjs://code/session_request_handler.js:120)
  _reroute (phantomjs://code/request_handler.js:61)
  _handle (phantomjs://code/router_request_handler.js:78)
[ERROR - 2017-10-17T03:08:22.376Z] Session [4ed2e3d0-b2e8-11e7-9333-796a93ebce2f] - page.onError - msg: ReferenceError: Can't find variable: user_name_keypress
[ERROR - 2017-10-17T03:08:22.377Z] Session [4ed2e3d0-b2e8-11e7-9333-796a93ebce2f] - page.onError - stack:
  onkeypress (https://educoder.trustie.net/login:77)
  sendEvent (:0)
  _keyEvent (phantomjs://code/inputs.js:325)
  _pressKey (phantomjs://code/inputs.js:280)
  _sendKeys (phantomjs://code/inputs.js:237)
  _postValueCommand (phantomjs://code/webelement_request_handler.js:288)
  _handle (phantomjs://code/webelement_request_handler.js:72)
  _reroute (phantomjs://code/request_handler.js:61)
  _handle (phantomjs://code/session_request_handler.js:120)
  _reroute (phantomjs://code/request_handler.js:61)
  _handle (phantomjs://code/router_request_handler.js:78)
[ERROR - 2017-10-17T03:08:22.377Z] Session [4ed2e3d0-b2e8-11e7-9333-796a93ebce2f] - page.onError - msg: ReferenceError: Can't find variable: user_name_keypress
[ERROR - 2017-10-17T03:08:22.377Z] Session [4ed2e3d0-b2e8-11e7-9333-796a93ebce2f] - page.onError - stack:
  onkeypress (https://educoder.trustie.net/login:77)
  sendEvent (:0)
  _keyEvent (phantomjs://code/inputs.js:325)
  _pressKey (phantomjs://code/inputs.js:280)
  _sendKeys (phantomjs://code/inputs.js:237)
  _postValueCommand (phantomjs://code/webelement_request_handler.js:288)
  _handle (phantomjs://code/webelement_request_handler.js:72)
  _reroute (phantomjs://code/request_handler.js:61)
  _handle (phantomjs://code/session_request_handler.js:120)
  _reroute (phantomjs://code/request_handler.js:61)
  _handle (phantomjs://code/router_request_handler.js:78)
[ERROR - 2017-10-17T03:08:22.378Z] Session [4ed2e3d0-b2e8-11e7-9333-796a93ebce2f] - page.onError - msg: ReferenceError: Can't find variable: user_name_keypress
[ERROR - 2017-10-17T03:08:22.378Z] Session [4ed2e3d0-b2e8-11e7-9333-796a93ebce2f] - page.onError - stack:
  onkeypress (https://educoder.trustie.net/login:77)
  sendEvent (:0)
  _keyEvent (phantomjs://code/inputs.js:325)
  _pressKey (phantomjs://code/inputs.js:280)
  _sendKeys (phantomjs://code/inputs.js:237)
  _postValueCommand (phantomjs://code/webelement_request_handler.js:288)
  _handle (phantomjs://code/webelement_request_handler.js:72)
  _reroute (phantomjs://code/request_handler.js:61)
  _handle (phantomjs://code/session_request_handler.js:120)
  _reroute (phantomjs://code/request_handler.js:61)
  _handle (phantomjs://code/router_request_handler.js:78)
[ERROR - 2017-10-17T03:08:22.379Z] Session [4ed2e3d0-b2e8-11e7-9333-796a93ebce2f] - page.onError - msg: ReferenceError: Can't find variable: user_name_keypress
[ERROR - 2017-10-17T03:08:22.380Z] Session [4ed2e3d0-b2e8-11e7-9333-796a93ebce2f] - page.onError - stack:
  onkeypress (https://educoder.trustie.net/login:77)
  sendEvent (:0)
  _keyEvent (phantomjs://code/inputs.js:325)
  _pressKey (phantomjs://code/inputs.js:280)
  _sendKeys (phantomjs://code/inputs.js:231)
  _postValueCommand (phantomjs://code/webelement_request_handler.js:288)
  _handle (phantomjs://code/webelement_request_handler.js:72)
  _reroute (phantomjs://code/request_handler.js:61)
  _handle (phantomjs://code/session_request_handler.js:120)
  _reroute (phantomjs://code/request_handler.js:61)
  _handle (phantomjs://code/router_request_handler.js:78)
[ERROR - 2017-10-17T03:08:22.381Z] Session [4ed2e3d0-b2e8-11e7-9333-796a93ebce2f] - page.onError - msg: ReferenceError: Can't find variable: user_name_keypress
[ERROR - 2017-10-17T03:08:22.381Z] Session [4ed2e3d0-b2e8-11e7-9333-796a93ebce2f] - page.onError - stack:
  onkeypress (https://educoder.trustie.net/login:77)
  sendEvent (:0)
  _keyEvent (phantomjs://code/inputs.js:325)
  _pressKey (phantomjs://code/inputs.js:280)
  _sendKeys (phantomjs://code/inputs.js:237)
  _postValueCommand (phantomjs://code/webelement_request_handler.js:288)
  _handle (phantomjs://code/webelement_request_handler.js:72)
  _reroute (phantomjs://code/request_handler.js:61)
  _handle (phantomjs://code/session_request_handler.js:120)
  _reroute (phantomjs://code/request_handler.js:61)
  _handle (phantomjs://code/router_request_handler.js:78)
[ERROR - 2017-10-17T03:08:22.382Z] Session [4ed2e3d0-b2e8-11e7-9333-796a93ebce2f] - page.onError - msg: ReferenceError: Can't find variable: user_name_keypress
[ERROR - 2017-10-17T03:08:22.382Z] Session [4ed2e3d0-b2e8-11e7-9333-796a93ebce2f] - page.onError - stack:
  onkeypress (https://educoder.trustie.net/login:77)
  sendEvent (:0)
  _keyEvent (phantomjs://code/inputs.js:325)
  _pressKey (phantomjs://code/inputs.js:280)
  _sendKeys (phantomjs://code/inputs.js:237)
  _postValueCommand (phantomjs://code/webelement_request_handler.js:288)
  _handle (phantomjs://code/webelement_request_handler.js:72)
  _reroute (phantomjs://code/request_handler.js:61)
  _handle (phantomjs://code/session_request_handler.js:120)
  _reroute (phantomjs://code/request_handler.js:61)
  _handle (phantomjs://code/router_request_handler.js:78)
[ERROR - 2017-10-17T03:08:22.383Z] Session [4ed2e3d0-b2e8-11e7-9333-796a93ebce2f] - page.onError - msg: ReferenceError: Can't find variable: user_name_keypress
[ERROR - 2017-10-17T03:08:22.383Z] Session [4ed2e3d0-b2e8-11e7-9333-796a93ebce2f] - page.onError - stack:
  onkeypress (https://educoder.trustie.net/login:77)
  sendEvent (:0)
  _keyEvent (phantomjs://code/inputs.js:325)
  _pressKey (phantomjs://code/inputs.js:280)
  _sendKeys (phantomjs://code/inputs.js:237)
  _postValueCommand (phantomjs://code/webelement_request_handler.js:288)
  _handle (phantomjs://code/webelement_request_handler.js:72)
  _reroute (phantomjs://code/request_handler.js:61)
  _handle (phantomjs://code/session_request_handler.js:120)
  _reroute (phantomjs://code/request_handler.js:61)
  _handle (phantomjs://code/router_request_handler.js:78)
[ERROR - 2017-10-17T03:08:22.384Z] Session [4ed2e3d0-b2e8-11e7-9333-796a93ebce2f] - page.onError - msg: ReferenceError: Can't find variable: user_name_keypress
[ERROR - 2017-10-17T03:08:22.385Z] Session [4ed2e3d0-b2e8-11e7-9333-796a93ebce2f] - page.onError - stack:
  onkeypress (https://educoder.trustie.net/login:77)
  sendEvent (:0)
  _keyEvent (phantomjs://code/inputs.js:325)
  _pressKey (phantomjs://code/inputs.js:280)
  _sendKeys (phantomjs://code/inputs.js:237)
  _postValueCommand (phantomjs://code/webelement_request_handler.js:288)
  _handle (phantomjs://code/webelement_request_handler.js:72)
  _reroute (phantomjs://code/request_handler.js:61)
  _handle (phantomjs://code/session_request_handler.js:120)
  _reroute (phantomjs://code/request_handler.js:61)
  _handle (phantomjs://code/router_request_handler.js:78)
[ERROR - 2017-10-17T03:08:22.385Z] Session [4ed2e3d0-b2e8-11e7-9333-796a93ebce2f] - page.onError - msg: ReferenceError: Can't find variable: user_name_keypress
[ERROR - 2017-10-17T03:08:22.385Z] Session [4ed2e3d0-b2e8-11e7-9333-796a93ebce2f] - page.onError - stack:
  onkeypress (https://educoder.trustie.net/login:77)
  sendEvent (:0)
  _keyEvent (phantomjs://code/inputs.js:325)
  _pressKey (phantomjs://code/inputs.js:280)
  _sendKeys (phantomjs://code/inputs.js:237)
  _postValueCommand (phantomjs://code/webelement_request_handler.js:288)
  _handle (phantomjs://code/webelement_request_handler.js:72)
  _reroute (phantomjs://code/request_handler.js:61)
  _handle (phantomjs://code/session_request_handler.js:120)
  _reroute (phantomjs://code/request_handler.js:61)
  _handle (phantomjs://code/router_request_handler.js:78)
[ERROR - 2017-10-17T03:08:22.386Z] Session [4ed2e3d0-b2e8-11e7-9333-796a93ebce2f] - page.onError - msg: ReferenceError: Can't find variable: user_name_keypress
[ERROR - 2017-10-17T03:08:22.386Z] Session [4ed2e3d0-b2e8-11e7-9333-796a93ebce2f] - page.onError - stack:
  onkeypress (https://educoder.trustie.net/login:77)
  sendEvent (:0)
  _keyEvent (phantomjs://code/inputs.js:325)
  _pressKey (phantomjs://code/inputs.js:280)
  _sendKeys (phantomjs://code/inputs.js:237)
  _postValueCommand (phantomjs://code/webelement_request_handler.js:288)
  _handle (phantomjs://code/webelement_request_handler.js:72)
  _reroute (phantomjs://code/request_handler.js:61)
  _handle (phantomjs://code/session_request_handler.js:120)
  _reroute (phantomjs://code/request_handler.js:61)
  _handle (phantomjs://code/router_request_handler.js:78)
[ERROR - 2017-10-17T03:08:22.387Z] Session [4ed2e3d0-b2e8-11e7-9333-796a93ebce2f] - page.onError - msg: ReferenceError: Can't find variable: user_name_keypress
[ERROR - 2017-10-17T03:08:22.387Z] Session [4ed2e3d0-b2e8-11e7-9333-796a93ebce2f] - page.onError - stack:
  onkeypress (https://educoder.trustie.net/login:77)
  sendEvent (:0)
  _keyEvent (phantomjs://code/inputs.js:325)
  _pressKey (phantomjs://code/inputs.js:280)
  _sendKeys (phantomjs://code/inputs.js:237)
  _postValueCommand (phantomjs://code/webelement_request_handler.js:288)
  _handle (phantomjs://code/webelement_request_handler.js:72)
  _reroute (phantomjs://code/request_handler.js:61)
  _handle (phantomjs://code/session_request_handler.js:120)
  _reroute (phantomjs://code/request_handler.js:61)
  _handle (phantomjs://code/router_request_handler.js:78)
[ERROR - 2017-10-17T03:08:31.874Z] Session [4ed2e3d0-b2e8-11e7-9333-796a93ebce2f] - page.onError - msg: ReferenceError: Can't find variable: user_name_keypress
[ERROR - 2017-10-17T03:08:31.875Z] Session [4ed2e3d0-b2e8-11e7-9333-796a93ebce2f] - page.onError - stack:
  onkeypress (https://educoder.trustie.net/login:81)
  sendEvent (:0)
  _keyEvent (phantomjs://code/inputs.js:325)
  _pressKey (phantomjs://code/inputs.js:280)
  _sendKeys (phantomjs://code/inputs.js:237)
  _postValueCommand (phantomjs://code/webelement_request_handler.js:288)
  _handle (phantomjs://code/webelement_request_handler.js:72)
  _reroute (phantomjs://code/request_handler.js:61)
  _handle (phantomjs://code/session_request_handler.js:120)
  _reroute (phantomjs://code/request_handler.js:61)
  _handle (phantomjs://code/router_request_handler.js:78)
[ERROR - 2017-10-17T03:08:31.894Z] Session [4ed2e3d0-b2e8-11e7-9333-796a93ebce2f] - page.onError - msg: ReferenceError: Can't find variable: user_name_keypress
[ERROR - 2017-10-17T03:08:31.894Z] Session [4ed2e3d0-b2e8-11e7-9333-796a93ebce2f] - page.onError - stack:
  onkeypress (https://educoder.trustie.net/login:81)
  sendEvent (:0)
  _keyEvent (phantomjs://code/inputs.js:325)
  _pressKey (phantomjs://code/inputs.js:280)
  _sendKeys (phantomjs://code/inputs.js:237)
  _postValueCommand (phantomjs://code/webelement_request_handler.js:288)
  _handle (phantomjs://code/webelement_request_handler.js:72)
  _reroute (phantomjs://code/request_handler.js:61)
  _handle (phantomjs://code/session_request_handler.js:120)
  _reroute (phantomjs://code/request_handler.js:61)
  _handle (phantomjs://code/router_request_handler.js:78)
[ERROR - 2017-10-17T03:08:31.895Z] Session [4ed2e3d0-b2e8-11e7-9333-796a93ebce2f] - page.onError - msg: ReferenceError: Can't find variable: user_name_keypress
[ERROR - 2017-10-17T03:08:31.895Z] Session [4ed2e3d0-b2e8-11e7-9333-796a93ebce2f] - page.onError - stack:
  onkeypress (https://educoder.trustie.net/login:81)
  sendEvent (:0)
  _keyEvent (phantomjs://code/inputs.js:325)
  _pressKey (phantomjs://code/inputs.js:280)
  _sendKeys (phantomjs://code/inputs.js:237)
  _postValueCommand (phantomjs://code/webelement_request_handler.js:288)
  _handle (phantomjs://code/webelement_request_handler.js:72)
  _reroute (phantomjs://code/request_handler.js:61)
  _handle (phantomjs://code/session_request_handler.js:120)
  _reroute (phantomjs://code/request_handler.js:61)
  _handle (phantomjs://code/router_request_handler.js:78)
[ERROR - 2017-10-17T03:08:31.896Z] Session [4ed2e3d0-b2e8-11e7-9333-796a93ebce2f] - page.onError - msg: ReferenceError: Can't find variable: user_name_keypress
[ERROR - 2017-10-17T03:08:31.896Z] Session [4ed2e3d0-b2e8-11e7-9333-796a93ebce2f] - page.onError - stack:
  onkeypress (https://educoder.trustie.net/login:81)
  sendEvent (:0)
  _keyEvent (phantomjs://code/inputs.js:325)
  _pressKey (phantomjs://code/inputs.js:280)
  _sendKeys (phantomjs://code/inputs.js:237)
  _postValueCommand (phantomjs://code/webelement_request_handler.js:288)
  _handle (phantomjs://code/webelement_request_handler.js:72)
  _reroute (phantomjs://code/request_handler.js:61)
  _handle (phantomjs://code/session_request_handler.js:120)
  _reroute (phantomjs://code/request_handler.js:61)
  _handle (phantomjs://code/router_request_handler.js:78)
[ERROR - 2017-10-17T03:08:31.897Z] Session [4ed2e3d0-b2e8-11e7-9333-796a93ebce2f] - page.onError - msg: ReferenceError: Can't find variable: user_name_keypress
[ERROR - 2017-10-17T03:08:31.897Z] Session [4ed2e3d0-b2e8-11e7-9333-796a93ebce2f] - page.onError - stack:
  onkeypress (https://educoder.trustie.net/login:81)
  sendEvent (:0)
  _keyEvent (phantomjs://code/inputs.js:325)
  _pressKey (phantomjs://code/inputs.js:280)
  _sendKeys (phantomjs://code/inputs.js:237)
  _postValueCommand (phantomjs://code/webelement_request_handler.js:288)
  _handle (phantomjs://code/webelement_request_handler.js:72)
  _reroute (phantomjs://code/request_handler.js:61)
  _handle (phantomjs://code/session_request_handler.js:120)
  _reroute (phantomjs://code/request_handler.js:61)
  _handle (phantomjs://code/router_request_handler.js:78)
[ERROR - 2017-10-17T03:08:31.898Z] Session [4ed2e3d0-b2e8-11e7-9333-796a93ebce2f] - page.onError - msg: ReferenceError: Can't find variable: user_name_keypress
[ERROR - 2017-10-17T03:08:31.898Z] Session [4ed2e3d0-b2e8-11e7-9333-796a93ebce2f] - page.onError - stack:
  onkeypress (https://educoder.trustie.net/login:81)
  sendEvent (:0)
  _keyEvent (phantomjs://code/inputs.js:325)
  _pressKey (phantomjs://code/inputs.js:280)
  _sendKeys (phantomjs://code/inputs.js:237)
  _postValueCommand (phantomjs://code/webelement_request_handler.js:288)
  _handle (phantomjs://code/webelement_request_handler.js:72)
  _reroute (phantomjs://code/request_handler.js:61)
  _handle (phantomjs://code/session_request_handler.js:120)
  _reroute (phantomjs://code/request_handler.js:61)
  _handle (phantomjs://code/router_request_handler.js:78)
[ERROR - 2017-10-17T03:08:31.899Z] Session [4ed2e3d0-b2e8-11e7-9333-796a93ebce2f] - page.onError - msg: ReferenceError: Can't find variable: user_name_keypress
[ERROR - 2017-10-17T03:08:31.899Z] Session [4ed2e3d0-b2e8-11e7-9333-796a93ebce2f] - page.onError - stack:
  onkeypress (https://educoder.trustie.net/login:81)
  sendEvent (:0)
  _keyEvent (phantomjs://code/inputs.js:325)
  _pressKey (phantomjs://code/inputs.js:280)
  _sendKeys (phantomjs://code/inputs.js:237)
  _postValueCommand (phantomjs://code/webelement_request_handler.js:288)
  _handle (phantomjs://code/webelement_request_handler.js:72)
  _reroute (phantomjs://code/request_handler.js:61)
  _handle (phantomjs://code/session_request_handler.js:120)
  _reroute (phantomjs://code/request_handler.js:61)
  _handle (phantomjs://code/router_request_handler.js:78)
[ERROR - 2017-10-17T03:08:31.899Z] Session [4ed2e3d0-b2e8-11e7-9333-796a93ebce2f] - page.onError - msg: ReferenceError: Can't find variable: user_name_keypress
[ERROR - 2017-10-17T03:08:31.900Z] Session [4ed2e3d0-b2e8-11e7-9333-796a93ebce2f] - page.onError - stack:
  onkeypress (https://educoder.trustie.net/login:81)
  sendEvent (:0)
  _keyEvent (phantomjs://code/inputs.js:325)
  _pressKey (phantomjs://code/inputs.js:280)
  _sendKeys (phantomjs://code/inputs.js:237)
  _postValueCommand (phantomjs://code/webelement_request_handler.js:288)
  _handle (phantomjs://code/webelement_request_handler.js:72)
  _reroute (phantomjs://code/request_handler.js:61)
  _handle (phantomjs://code/session_request_handler.js:120)
  _reroute (phantomjs://code/request_handler.js:61)
  _handle (phantomjs://code/router_request_handler.js:78)
[ERROR - 2017-10-17T03:08:42.042Z] Session [4ed2e3d0-b2e8-11e7-9333-796a93ebce2f] - page.onError - msg: ReferenceError: Can't find variable: prettyPrint
[ERROR - 2017-10-17T03:08:42.042Z] Session [4ed2e3d0-b2e8-11e7-9333-796a93ebce2f] - page.onError - stack:
  onload (https://educoder.trustie.net/users/m92407385:43)
[INFO  - 2017-10-17T03:12:28.336Z] SessionManagerReqHand - _cleanupWindowlessSessions - Asynchronous Sessions clean-up phase starting NOW
[INFO  - 2017-10-17T03:17:28.336Z] SessionManagerReqHand - _cleanupWindowlessSessions - Asynchronous Sessions clean-up phase starting NOW
[INFO  - 2017-10-17T03:22:28.334Z] SessionManagerReqHand - _cleanupWindowlessSessions - Asynchronous Sessions clean-up phase starting NOW
[INFO  - 2017-10-17T03:27:28.336Z] SessionManagerReqHand - _cleanupWindowlessSessions - Asynchronous Sessions clean-up phase starting NOW
[INFO  - 2017-10-17T03:32:28.338Z] SessionManagerReqHand - _cleanupWindowlessSessions - Asynchronous Sessions clean-up phase starting NOW
[INFO  - 2017-10-17T03:37:28.337Z] SessionManagerReqHand - _cleanupWindowlessSessions - Asynchronous Sessions clean-up phase starting NOW
":"windows-10-32bit","javascriptEnabled":true,"takesScreenshot":true,"handlesAlerts":false,"databaseEnabled":false,"locationContextEnabled":false,"applicationCacheEnabled":false,"browserConnectionEnabled":false,"cssSelectorsEnabled":true,"webStorageEnabled":false,"rotatable":false,"acceptSslCerts":false,"nativeEvents":true,"proxy":{"proxyType":"direct"}}
[INFO  - 2017-10-17T03:09:40.094Z] SessionManagerReqHand - _postNewSessionCommand - New Session Created: 9d64df80-b2e8-11e7-b3e9-050e22abb7ba
[ERROR - 2017-10-17T03:09:45.427Z] Session [9d64df80-b2e8-11e7-b3e9-050e22abb7ba] - page.onError - msg: ReferenceError: Can't find variable: user_name_keypress
[ERROR - 2017-10-17T03:09:45.427Z] Session [9d64df80-b2e8-11e7-b3e9-050e22abb7ba] - page.onError - stack:
  onkeypress (https://educoder.trustie.net/login:77)
  sendEvent (:0)
  _keyEvent (phantomjs://code/inputs.js:325)
  _pressKey (phantomjs://code/inputs.js:280)
  _sendKeys (phantomjs://code/inputs.js:237)
  _postValueCommand (phantomjs://code/webelement_request_handler.js:288)
  _handle (phantomjs://code/webelement_request_handler.js:72)
  _reroute (phantomjs://code/request_handler.js:61)
  _handle (phantomjs://code/session_request_handler.js:120)
  _reroute (phantomjs://code/request_handler.js:61)
  _handle (phantomjs://code/router_request_handler.js:78)
[ERROR - 2017-10-17T03:09:45.430Z] Session [9d64df80-b2e8-11e7-b3e9-050e22abb7ba] - page.onError - msg: ReferenceError: Can't find variable: user_name_keypress
[ERROR - 2017-10-17T03:09:45.430Z] Session [9d64df80-b2e8-11e7-b3e9-050e22abb7ba] - page.onError - stack:
  onkeypress (https://educoder.trustie.net/login:77)
  sendEvent (:0)
  _keyEvent (phantomjs://code/inputs.js:325)
  _pressKey (phantomjs://code/inputs.js:280)
  _sendKeys (phantomjs://code/inputs.js:237)
  _postValueCommand (phantomjs://code/webelement_request_handler.js:288)
  _handle (phantomjs://code/webelement_request_handler.js:72)
  _reroute (phantomjs://code/request_handler.js:61)
  _handle (phantomjs://code/session_request_handler.js:120)
  _reroute (phantomjs://code/request_handler.js:61)
  _handle (phantomjs://code/router_request_handler.js:78)
[ERROR - 2017-10-17T03:09:45.434Z] Session [9d64df80-b2e8-11e7-b3e9-050e22abb7ba] - page.onError - msg: ReferenceError: Can't find variable: user_name_keypress
[ERROR - 2017-10-17T03:09:45.434Z] Session [9d64df80-b2e8-11e7-b3e9-050e22abb7ba] - page.onError - stack:
  onkeypress (https://educoder.trustie.net/login:77)
  sendEvent (:0)
  _keyEvent (phantomjs://code/inputs.js:325)
  _pressKey (phantomjs://code/inputs.js:280)
  _sendKeys (phantomjs://code/inputs.js:237)
  _postValueCommand (phantomjs://code/webelement_request_handler.js:288)
  _handle (phantomjs://code/webelement_request_handler.js:72)
  _reroute (phantomjs://code/request_handler.js:61)
  _handle (phantomjs://code/session_request_handler.js:120)
  _reroute (phantomjs://code/request_handler.js:61)
  _handle (phantomjs://code/router_request_handler.js:78)
[ERROR - 2017-10-17T03:09:45.437Z] Session [9d64df80-b2e8-11e7-b3e9-050e22abb7ba] - page.onError - msg: ReferenceError: Can't find variable: user_name_keypress
[ERROR - 2017-10-17T03:09:45.437Z] Session [9d64df80-b2e8-11e7-b3e9-050e22abb7ba] - page.onError - stack:
  onkeypress (https://educoder.trustie.net/login:77)
  sendEvent (:0)
  _keyEvent (phantomjs://code/inputs.js:325)
  _pressKey (phantomjs://code/inputs.js:280)
  _sendKeys (phantomjs://code/inputs.js:237)
  _postValueCommand (phantomjs://code/webelement_request_handler.js:288)
  _handle (phantomjs://code/webelement_request_handler.js:72)
  _reroute (phantomjs://code/request_handler.js:61)
  _handle (phantomjs://code/session_request_handler.js:120)
  _reroute (phantomjs://code/request_handler.js:61)
  _handle (phantomjs://code/router_request_handler.js:78)
[ERROR - 2017-10-17T03:09:45.439Z] Session [9d64df80-b2e8-11e7-b3e9-050e22abb7ba] - page.onError - msg: ReferenceError: Can't find variable: user_name_keypress
[ERROR - 2017-10-17T03:09:45.439Z] Session [9d64df80-b2e8-11e7-b3e9-050e22abb7ba] - page.onError - stack:
  onkeypress (https://educoder.trustie.net/login:77)
  sendEvent (:0)
  _keyEvent (phantomjs://code/inputs.js:325)
  _pressKey (phantomjs://code/inputs.js:280)
  _sendKeys (phantomjs://code/inputs.js:237)
  _postValueCommand (phantomjs://code/webelement_request_handler.js:288)
  _handle (phantomjs://code/webelement_request_handler.js:72)
  _reroute (phantomjs://code/request_handler.js:61)
  _handle (phantomjs://code/session_request_handler.js:120)
  _reroute (phantomjs://code/request_handler.js:61)
  _handle (phantomjs://code/router_request_handler.js:78)
[ERROR - 2017-10-17T03:09:45.440Z] Session [9d64df80-b2e8-11e7-b3e9-050e22abb7ba] - page.onError - msg: ReferenceError: Can't find variable: user_name_keypress
[ERROR - 2017-10-17T03:09:45.440Z] Session [9d64df80-b2e8-11e7-b3e9-050e22abb7ba] - page.onError - stack:
  onkeypress (https://educoder.trustie.net/login:77)
  sendEvent (:0)
  _keyEvent (phantomjs://code/inputs.js:325)
  _pressKey (phantomjs://code/inputs.js:280)
  _sendKeys (phantomjs://code/inputs.js:237)
  _postValueCommand (phantomjs://code/webelement_request_handler.js:288)
  _handle (phantomjs://code/webelement_request_handler.js:72)
  _reroute (phantomjs://code/request_handler.js:61)
  _handle (phantomjs://code/session_request_handler.js:120)
  _reroute (phantomjs://code/request_handler.js:61)
  _handle (phantomjs://code/router_request_handler.js:78)
[ERROR - 2017-10-17T03:09:45.442Z] Session [9d64df80-b2e8-11e7-b3e9-050e22abb7ba] - page.onError - msg: ReferenceError: Can't find variable: user_name_keypress
[ERROR - 2017-10-17T03:09:45.442Z] Session [9d64df80-b2e8-11e7-b3e9-050e22abb7ba] - page.onError - stack:
  onkeypress (https://educoder.trustie.net/login:77)
  sendEvent (:0)
  _keyEvent (phantomjs://code/inputs.js:325)
  _pressKey (phantomjs://code/inputs.js:280)
  _sendKeys (phantomjs://code/inputs.js:237)
  _postValueCommand (phantomjs://code/webelement_request_handler.js:288)
  _handle (phantomjs://code/webelement_request_handler.js:72)
  _reroute (phantomjs://code/request_handler.js:61)
  _handle (phantomjs://code/session_request_handler.js:120)
  _reroute (phantomjs://code/request_handler.js:61)
  _handle (phantomjs://code/router_request_handler.js:78)
[ERROR - 2017-10-17T03:09:45.444Z] Session [9d64df80-b2e8-11e7-b3e9-050e22abb7ba] - page.onError - msg: ReferenceError: Can't find variable: user_name_keypress
[ERROR - 2017-10-17T03:09:45.444Z] Session [9d64df80-b2e8-11e7-b3e9-050e22abb7ba] - page.onError - stack:
  onkeypress (https://educoder.trustie.net/login:77)
  sendEvent (:0)
  _keyEvent (phantomjs://code/inputs.js:325)
  _pressKey (phantomjs://code/inputs.js:280)
  _sendKeys (phantomjs://code/inputs.js:231)
  _postValueCommand (phantomjs://code/webelement_request_handler.js:288)
  _handle (phantomjs://code/webelement_request_handler.js:72)
  _reroute (phantomjs://code/request_handler.js:61)
  _handle (phantomjs://code/session_request_handler.js:120)
  _reroute (phantomjs://code/request_handler.js:61)
  _handle (phantomjs://code/router_request_handler.js:78)
[ERROR - 2017-10-17T03:09:45.445Z] Session [9d64df80-b2e8-11e7-b3e9-050e22abb7ba] - page.onError - msg: ReferenceError: Can't find variable: user_name_keypress
[ERROR - 2017-10-17T03:09:45.445Z] Session [9d64df80-b2e8-11e7-b3e9-050e22abb7ba] - page.onError - stack:
  onkeypress (https://educoder.trustie.net/login:77)
  sendEvent (:0)
  _keyEvent (phantomjs://code/inputs.js:325)
  _pressKey (phantomjs://code/inputs.js:280)
  _sendKeys (phantomjs://code/inputs.js:237)
  _postValueCommand (phantomjs://code/webelement_request_handler.js:288)
  _handle (phantomjs://code/webelement_request_handler.js:72)
  _reroute (phantomjs://code/request_handler.js:61)
  _handle (phantomjs://code/session_request_handler.js:120)
  _reroute (phantomjs://code/request_handler.js:61)
  _handle (phantomjs://code/router_request_handler.js:78)
[ERROR - 2017-10-17T03:09:45.447Z] Session [9d64df80-b2e8-11e7-b3e9-050e22abb7ba] - page.onError - msg: ReferenceError: Can't find variable: user_name_keypress
[ERROR - 2017-10-17T03:09:45.447Z] Session [9d64df80-b2e8-11e7-b3e9-050e22abb7ba] - page.onError - stack:
  onkeypress (https://educoder.trustie.net/login:77)
  sendEvent (:0)
  _keyEvent (phantomjs://code/inputs.js:325)
  _pressKey (phantomjs://code/inputs.js:280)
  _sendKeys (phantomjs://code/inputs.js:237)
  _postValueCommand (phantomjs://code/webelement_request_handler.js:288)
  _handle (phantomjs://code/webelement_request_handler.js:72)
  _reroute (phantomjs://code/request_handler.js:61)
  _handle (phantomjs://code/session_request_handler.js:120)
  _reroute (phantomjs://code/request_handler.js:61)
  _handle (phantomjs://code/router_request_handler.js:78)
[ERROR - 2017-10-17T03:09:45.448Z] Session [9d64df80-b2e8-11e7-b3e9-050e22abb7ba] - page.onError - msg: ReferenceError: Can't find variable: user_name_keypress
[ERROR - 2017-10-17T03:09:45.448Z] Session [9d64df80-b2e8-11e7-b3e9-050e22abb7ba] - page.onError - stack:
  onkeypress (https://educoder.trustie.net/login:77)
  sendEvent (:0)
  _keyEvent (phantomjs://code/inputs.js:325)
  _pressKey (phantomjs://code/inputs.js:280)
  _sendKeys (phantomjs://code/inputs.js:237)
  _postValueCommand (phantomjs://code/webelement_request_handler.js:288)
  _handle (phantomjs://code/webelement_request_handler.js:72)
  _reroute (phantomjs://code/request_handler.js:61)
  _handle (phantomjs://code/session_request_handler.js:120)
  _reroute (phantomjs://code/request_handler.js:61)
  _handle (phantomjs://code/router_request_handler.js:78)
[ERROR - 2017-10-17T03:09:45.449Z] Session [9d64df80-b2e8-11e7-b3e9-050e22abb7ba] - page.onError - msg: ReferenceError: Can't find variable: user_name_keypress
[ERROR - 2017-10-17T03:09:45.449Z] Session [9d64df80-b2e8-11e7-b3e9-050e22abb7ba] - page.onError - stack:
  onkeypress (https://educoder.trustie.net/login:77)
  sendEvent (:0)
  _keyEvent (phantomjs://code/inputs.js:325)
  _pressKey (phantomjs://code/inputs.js:280)
  _sendKeys (phantomjs://code/inputs.js:237)
  _postValueCommand (phantomjs://code/webelement_request_handler.js:288)
  _handle (phantomjs://code/webelement_request_handler.js:72)
  _reroute (phantomjs://code/request_handler.js:61)
  _handle (phantomjs://code/session_request_handler.js:120)
  _reroute (phantomjs://code/request_handler.js:61)
  _handle (phantomjs://code/router_request_handler.js:78)
[ERROR - 2017-10-17T03:09:45.450Z] Session [9d64df80-b2e8-11e7-b3e9-050e22abb7ba] - page.onError - msg: ReferenceError: Can't find variable: user_name_keypress
[ERROR - 2017-10-17T03:09:45.450Z] Session [9d64df80-b2e8-11e7-b3e9-050e22abb7ba] - page.onError - stack:
  onkeypress (https://educoder.trustie.net/login:77)
  sendEvent (:0)
  _keyEvent (phantomjs://code/inputs.js:325)
  _pressKey (phantomjs://code/inputs.js:280)
  _sendKeys (phantomjs://code/inputs.js:237)
  _postValueCommand (phantomjs://code/webelement_request_handler.js:288)
  _handle (phantomjs://code/webelement_request_handler.js:72)
  _reroute (phantomjs://code/request_handler.js:61)
  _handle (phantomjs://code/session_request_handler.js:120)
  _reroute (phantomjs://code/request_handler.js:61)
  _handle (phantomjs://code/router_request_handler.js:78)
[ERROR - 2017-10-17T03:09:45.452Z] Session [9d64df80-b2e8-11e7-b3e9-050e22abb7ba] - page.onError - msg: ReferenceError: Can't find variable: user_name_keypress
[ERROR - 2017-10-17T03:09:45.452Z] Session [9d64df80-b2e8-11e7-b3e9-050e22abb7ba] - page.onError - stack:
  onkeypress (https://educoder.trustie.net/login:77)
  sendEvent (:0)
  _keyEvent (phantomjs://code/inputs.js:325)
  _pressKey (phantomjs://code/inputs.js:280)
  _sendKeys (phantomjs://code/inputs.js:237)
  _postValueCommand (phantomjs://code/webelement_request_handler.js:288)
  _handle (phantomjs://code/webelement_request_handler.js:72)
  _reroute (phantomjs://code/request_handler.js:61)
  _handle (phantomjs://code/session_request_handler.js:120)
  _reroute (phantomjs://code/request_handler.js:61)
  _handle (phantomjs://code/router_request_handler.js:78)
[ERROR - 2017-10-17T03:09:45.453Z] Session [9d64df80-b2e8-11e7-b3e9-050e22abb7ba] - page.onError - msg: ReferenceError: Can't find variable: user_name_keypress
[ERROR - 2017-10-17T03:09:45.453Z] Session [9d64df80-b2e8-11e7-b3e9-050e22abb7ba] - page.onError - stack:
  onkeypress (https://educoder.trustie.net/login:77)
  sendEvent (:0)
  _keyEvent (phantomjs://code/inputs.js:325)
  _pressKey (phantomjs://code/inputs.js:280)
  _sendKeys (phantomjs://code/inputs.js:237)
  _postValueCommand (phantomjs://code/webelement_request_handler.js:288)
  _handle (phantomjs://code/webelement_request_handler.js:72)
  _reroute (phantomjs://code/request_handler.js:61)
  _handle (phantomjs://code/session_request_handler.js:120)
  _reroute (phantomjs://code/request_handler.js:61)
  _handle (phantomjs://code/router_request_handler.js:78)
[ERROR - 2017-10-17T03:09:45.516Z] Session [9d64df80-b2e8-11e7-b3e9-050e22abb7ba] - page.onError - msg: ReferenceError: Can't find variable: user_name_keypress
[ERROR - 2017-10-17T03:09:45.517Z] Session [9d64df80-b2e8-11e7-b3e9-050e22abb7ba] - page.onError - stack:
  onkeypress (https://educoder.trustie.net/login:81)
  sendEvent (:0)
  _keyEvent (phantomjs://code/inputs.js:325)
  _pressKey (phantomjs://code/inputs.js:280)
  _sendKeys (phantomjs://code/inputs.js:237)
  _postValueCommand (phantomjs://code/webelement_request_handler.js:288)
  _handle (phantomjs://code/webelement_request_handler.js:72)
  _reroute (phantomjs://code/request_handler.js:61)
  _handle (phantomjs://code/session_request_handler.js:120)
  _reroute (phantomjs://code/request_handler.js:61)
  _handle (phantomjs://code/router_request_handler.js:78)
[ERROR - 2017-10-17T03:09:45.541Z] Session [9d64df80-b2e8-11e7-b3e9-050e22abb7ba] - page.onError - msg: ReferenceError: Can't find variable: user_name_keypress
[ERROR - 2017-10-17T03:09:45.541Z] Session [9d64df80-b2e8-11e7-b3e9-050e22abb7ba] - page.onError - stack:
  onkeypress (https://educoder.trustie.net/login:81)
  sendEvent (:0)
  _keyEvent (phantomjs://code/inputs.js:325)
  _pressKey (phantomjs://code/inputs.js:280)
  _sendKeys (phantomjs://code/inputs.js:237)
  _postValueCommand (phantomjs://code/webelement_request_handler.js:288)
  _handle (phantomjs://code/webelement_request_handler.js:72)
  _reroute (phantomjs://code/request_handler.js:61)
  _handle (phantomjs://code/session_request_handler.js:120)
  _reroute (phantomjs://code/request_handler.js:61)
  _handle (phantomjs://code/router_request_handler.js:78)
[ERROR - 2017-10-17T03:09:45.542Z] Session [9d64df80-b2e8-11e7-b3e9-050e22abb7ba] - page.onError - msg: ReferenceError: Can't find variable: user_name_keypress
[ERROR - 2017-10-17T03:09:45.543Z] Session [9d64df80-b2e8-11e7-b3e9-050e22abb7ba] - page.onError - stack:
  onkeypress (https://educoder.trustie.net/login:81)
  sendEvent (:0)
  _keyEvent (phantomjs://code/inputs.js:325)
  _pressKey (phantomjs://code/inputs.js:280)
  _sendKeys (phantomjs://code/inputs.js:237)
  _postValueCommand (phantomjs://code/webelement_request_handler.js:288)
  _handle (phantomjs://code/webelement_request_handler.js:72)
  _reroute (phantomjs://code/request_handler.js:61)
  _handle (phantomjs://code/session_request_handler.js:120)
  _reroute (phantomjs://code/request_handler.js:61)
  _handle (phantomjs://code/router_request_handler.js:78)
[ERROR - 2017-10-17T03:09:45.544Z] Session [9d64df80-b2e8-11e7-b3e9-050e22abb7ba] - page.onError - msg: ReferenceError: Can't find variable: user_name_keypress
[ERROR - 2017-10-17T03:09:45.544Z] Session [9d64df80-b2e8-11e7-b3e9-050e22abb7ba] - page.onError - stack:
  onkeypress (https://educoder.trustie.net/login:81)
  sendEvent (:0)
  _keyEvent (phantomjs://code/inputs.js:325)
  _pressKey (phantomjs://code/inputs.js:280)
  _sendKeys (phantomjs://code/inputs.js:237)
  _postValueCommand (phantomjs://code/webelement_request_handler.js:288)
  _handle (phantomjs://code/webelement_request_handler.js:72)
  _reroute (phantomjs://code/request_handler.js:61)
  _handle (phantomjs://code/session_request_handler.js:120)
  _reroute (phantomjs://code/request_handler.js:61)
  _handle (phantomjs://code/router_request_handler.js:78)
[ERROR - 2017-10-17T03:09:45.547Z] Session [9d64df80-b2e8-11e7-b3e9-050e22abb7ba] - page.onError - msg: ReferenceError: Can't find variable: user_name_keypress
[ERROR - 2017-10-17T03:09:45.547Z] Session [9d64df80-b2e8-11e7-b3e9-050e22abb7ba] - page.onError - stack:
  onkeypress (https://educoder.trustie.net/login:81)
  sendEvent (:0)
  _keyEvent (phantomjs://code/inputs.js:325)
  _pressKey (phantomjs://code/inputs.js:280)
  _sendKeys (phantomjs://code/inputs.js:237)
  _postValueCommand (phantomjs://code/webelement_request_handler.js:288)
  _handle (phantomjs://code/webelement_request_handler.js:72)
  _reroute (phantomjs://code/request_handler.js:61)
  _handle (phantomjs://code/session_request_handler.js:120)
  _reroute (phantomjs://code/request_handler.js:61)
  _handle (phantomjs://code/router_request_handler.js:78)
[ERROR - 2017-10-17T03:09:45.548Z] Session [9d64df80-b2e8-11e7-b3e9-050e22abb7ba] - page.onError - msg: ReferenceError: Can't find variable: user_name_keypress
[ERROR - 2017-10-17T03:09:45.548Z] Session [9d64df80-b2e8-11e7-b3e9-050e22abb7ba] - page.onError - stack:
  onkeypress (https://educoder.trustie.net/login:81)
  sendEvent (:0)
  _keyEvent (phantomjs://code/inputs.js:325)
  _pressKey (phantomjs://code/inputs.js:280)
  _sendKeys (phantomjs://code/inputs.js:237)
  _postValueCommand (phantomjs://code/webelement_request_handler.js:288)
  _handle (phantomjs://code/webelement_request_handler.js:72)
  _reroute (phantomjs://code/request_handler.js:61)
  _handle (phantomjs://code/session_request_handler.js:120)
  _reroute (phantomjs://code/request_handler.js:61)
  _handle (phantomjs://code/router_request_handler.js:78)
[ERROR - 2017-10-17T03:09:45.549Z] Session [9d64df80-b2e8-11e7-b3e9-050e22abb7ba] - page.onError - msg: ReferenceError: Can't find variable: user_name_keypress
[ERROR - 2017-10-17T03:09:45.549Z] Session [9d64df80-b2e8-11e7-b3e9-050e22abb7ba] - page.onError - stack:
  onkeypress (https://educoder.trustie.net/login:81)
  sendEvent (:0)
  _keyEvent (phantomjs://code/inputs.js:325)
  _pressKey (phantomjs://code/inputs.js:280)
  _sendKeys (phantomjs://code/inputs.js:237)
  _postValueCommand (phantomjs://code/webelement_request_handler.js:288)
  _handle (phantomjs://code/webelement_request_handler.js:72)
  _reroute (phantomjs://code/request_handler.js:61)
  _handle (phantomjs://code/session_request_handler.js:120)
  _reroute (phantomjs://code/request_handler.js:61)
  _handle (phantomjs://code/router_request_handler.js:78)
[ERROR - 2017-10-17T03:09:45.550Z] Session [9d64df80-b2e8-11e7-b3e9-050e22abb7ba] - page.onError - msg: ReferenceError: Can't find variable: user_name_keypress
[ERROR - 2017-10-17T03:09:45.550Z] Session [9d64df80-b2e8-11e7-b3e9-050e22abb7ba] - page.onError - stack:
  onkeypress (https://educoder.trustie.net/login:81)
  sendEvent (:0)
  _keyEvent (phantomjs://code/inputs.js:325)
  _pressKey (phantomjs://code/inputs.js:280)
  _sendKeys (phantomjs://code/inputs.js:237)
  _postValueCommand (phantomjs://code/webelement_request_handler.js:288)
  _handle (phantomjs://code/webelement_request_handler.js:72)
  _reroute (phantomjs://code/request_handler.js:61)
  _handle (phantomjs://code/session_request_handler.js:120)
  _reroute (phantomjs://code/request_handler.js:61)
  _handle (phantomjs://code/router_request_handler.js:78)
[ERROR - 2017-10-17T03:09:50.136Z] Session [9d64df80-b2e8-11e7-b3e9-050e22abb7ba] - page.onError - msg: ReferenceError: Can't find variable: prettyPrint
[ERROR - 2017-10-17T03:09:50.136Z] Session [9d64df80-b2e8-11e7-b3e9-050e22abb7ba] - page.onError - stack:
  onload (https://educoder.trustie.net/users/m92407385:43)
[INFO  - 2017-10-17T03:14:39.835Z] SessionManagerReqHand - _cleanupWindowlessSessions - Asynchronous Sessions clean-up phase starting NOW
[INFO  - 2017-10-17T03:19:39.834Z] SessionManagerReqHand - _cleanupWindowlessSessions - Asynchronous Sessions clean-up phase starting NOW
[INFO  - 2017-10-17T03:24:39.834Z] SessionManagerReqHand - _cleanupWindowlessSessions - Asynchronous Sessions clean-up phase starting NOW
[INFO  - 2017-10-17T03:29:39.835Z] SessionManagerReqHand - _cleanupWindowlessSessions - Asynchronous Sessions clean-up phase starting NOW
[INFO  - 2017-10-17T03:34:39.835Z] SessionManagerReqHand - _cleanupWindowlessSessions - Asynchronous Sessions clean-up phase starting NOW
scriptEnabled":true,"loadImages":true,"localToRemoteUrlAccessEnabled":false,"userAgent":"Mozilla/5.0 (Windows NT 6.2; WOW64) AppleWebKit/538.1 (KHTML, like Gecko) PhantomJS/2.1.1 Safari/538.1","webSecurityEnabled":true}
[INFO  - 2017-10-17T03:24:49.141Z] Session [bb3a9700-b2ea-11e7-8af7-0bfa7c6a3904] - page.customHeaders:  - {}
[INFO  - 2017-10-17T03:24:49.141Z] Session [bb3a9700-b2ea-11e7-8af7-0bfa7c6a3904] - Session.negotiatedCapabilities - {"browserName":"phantomjs","version":"2.1.1","driverName":"ghostdriver","driverVersion":"1.2.0","platform":"windows-10-32bit","javascriptEnabled":true,"takesScreenshot":true,"handlesAlerts":false,"databaseEnabled":false,"locationContextEnabled":false,"applicationCacheEnabled":false,"browserConnectionEnabled":false,"cssSelectorsEnabled":true,"webStorageEnabled":false,"rotatable":false,"acceptSslCerts":false,"nativeEvents":true,"proxy":{"proxyType":"direct"}}
[INFO  - 2017-10-17T03:24:49.141Z] SessionManagerReqHand - _postNewSessionCommand - New Session Created: bb3a9700-b2ea-11e7-8af7-0bfa7c6a3904
[ERROR - 2017-10-17T03:24:54.103Z] Session [bb3a9700-b2ea-11e7-8af7-0bfa7c6a3904] - page.onError - msg: ReferenceError: Can't find variable: user_name_keypress
[ERROR - 2017-10-17T03:24:54.103Z] Session [bb3a9700-b2ea-11e7-8af7-0bfa7c6a3904] - page.onError - stack:
  onkeypress (https://educoder.trustie.net/login:77)
  sendEvent (:0)
  _keyEvent (phantomjs://code/inputs.js:325)
  _pressKey (phantomjs://code/inputs.js:280)
  _sendKeys (phantomjs://code/inputs.js:237)
  _postValueCommand (phantomjs://code/webelement_request_handler.js:288)
  _handle (phantomjs://code/webelement_request_handler.js:72)
  _reroute (phantomjs://code/request_handler.js:61)
  _handle (phantomjs://code/session_request_handler.js:120)
  _reroute (phantomjs://code/request_handler.js:61)
  _handle (phantomjs://code/router_request_handler.js:78)
[ERROR - 2017-10-17T03:24:54.105Z] Session [bb3a9700-b2ea-11e7-8af7-0bfa7c6a3904] - page.onError - msg: ReferenceError: Can't find variable: user_name_keypress
[ERROR - 2017-10-17T03:24:54.105Z] Session [bb3a9700-b2ea-11e7-8af7-0bfa7c6a3904] - page.onError - stack:
  onkeypress (https://educoder.trustie.net/login:77)
  sendEvent (:0)
  _keyEvent (phantomjs://code/inputs.js:325)
  _pressKey (phantomjs://code/inputs.js:280)
  _sendKeys (phantomjs://code/inputs.js:237)
  _postValueCommand (phantomjs://code/webelement_request_handler.js:288)
  _handle (phantomjs://code/webelement_request_handler.js:72)
  _reroute (phantomjs://code/request_handler.js:61)
  _handle (phantomjs://code/session_request_handler.js:120)
  _reroute (phantomjs://code/request_handler.js:61)
  _handle (phantomjs://code/router_request_handler.js:78)
[ERROR - 2017-10-17T03:24:54.106Z] Session [bb3a9700-b2ea-11e7-8af7-0bfa7c6a3904] - page.onError - msg: ReferenceError: Can't find variable: user_name_keypress
[ERROR - 2017-10-17T03:24:54.106Z] Session [bb3a9700-b2ea-11e7-8af7-0bfa7c6a3904] - page.onError - stack:
  onkeypress (https://educoder.trustie.net/login:77)
  sendEvent (:0)
  _keyEvent (phantomjs://code/inputs.js:325)
  _pressKey (phantomjs://code/inputs.js:280)
  _sendKeys (phantomjs://code/inputs.js:237)
  _postValueCommand (phantomjs://code/webelement_request_handler.js:288)
  _handle (phantomjs://code/webelement_request_handler.js:72)
  _reroute (phantomjs://code/request_handler.js:61)
  _handle (phantomjs://code/session_request_handler.js:120)
  _reroute (phantomjs://code/request_handler.js:61)
  _handle (phantomjs://code/router_request_handler.js:78)
[ERROR - 2017-10-17T03:24:54.107Z] Session [bb3a9700-b2ea-11e7-8af7-0bfa7c6a3904] - page.onError - msg: ReferenceError: Can't find variable: user_name_keypress
[ERROR - 2017-10-17T03:24:54.107Z] Session [bb3a9700-b2ea-11e7-8af7-0bfa7c6a3904] - page.onError - stack:
  onkeypress (https://educoder.trustie.net/login:77)
  sendEvent (:0)
  _keyEvent (phantomjs://code/inputs.js:325)
  _pressKey (phantomjs://code/inputs.js:280)
  _sendKeys (phantomjs://code/inputs.js:237)
  _postValueCommand (phantomjs://code/webelement_request_handler.js:288)
  _handle (phantomjs://code/webelement_request_handler.js:72)
  _reroute (phantomjs://code/request_handler.js:61)
  _handle (phantomjs://code/session_request_handler.js:120)
  _reroute (phantomjs://code/request_handler.js:61)
  _handle (phantomjs://code/router_request_handler.js:78)
[ERROR - 2017-10-17T03:24:54.108Z] Session [bb3a9700-b2ea-11e7-8af7-0bfa7c6a3904] - page.onError - msg: ReferenceError: Can't find variable: user_name_keypress
[ERROR - 2017-10-17T03:24:54.109Z] Session [bb3a9700-b2ea-11e7-8af7-0bfa7c6a3904] - page.onError - stack:
  onkeypress (https://educoder.trustie.net/login:77)
  sendEvent (:0)
  _keyEvent (phantomjs://code/inputs.js:325)
  _pressKey (phantomjs://code/inputs.js:280)
  _sendKeys (phantomjs://code/inputs.js:237)
  _postValueCommand (phantomjs://code/webelement_request_handler.js:288)
  _handle (phantomjs://code/webelement_request_handler.js:72)
  _reroute (phantomjs://code/request_handler.js:61)
  _handle (phantomjs://code/session_request_handler.js:120)
  _reroute (phantomjs://code/request_handler.js:61)
  _handle (phantomjs://code/router_request_handler.js:78)
[ERROR - 2017-10-17T03:24:54.110Z] Session [bb3a9700-b2ea-11e7-8af7-0bfa7c6a3904] - page.onError - msg: ReferenceError: Can't find variable: user_name_keypress
[ERROR - 2017-10-17T03:24:54.111Z] Session [bb3a9700-b2ea-11e7-8af7-0bfa7c6a3904] - page.onError - stack:
  onkeypress (https://educoder.trustie.net/login:77)
  sendEvent (:0)
  _keyEvent (phantomjs://code/inputs.js:325)
  _pressKey (phantomjs://code/inputs.js:280)
  _sendKeys (phantomjs://code/inputs.js:237)
  _postValueCommand (phantomjs://code/webelement_request_handler.js:288)
  _handle (phantomjs://code/webelement_request_handler.js:72)
  _reroute (phantomjs://code/request_handler.js:61)
  _handle (phantomjs://code/session_request_handler.js:120)
  _reroute (phantomjs://code/request_handler.js:61)
  _handle (phantomjs://code/router_request_handler.js:78)
[ERROR - 2017-10-17T03:24:54.113Z] Session [bb3a9700-b2ea-11e7-8af7-0bfa7c6a3904] - page.onError - msg: ReferenceError: Can't find variable: user_name_keypress
[ERROR - 2017-10-17T03:24:54.113Z] Session [bb3a9700-b2ea-11e7-8af7-0bfa7c6a3904] - page.onError - stack:
  onkeypress (https://educoder.trustie.net/login:77)
  sendEvent (:0)
  _keyEvent (phantomjs://code/inputs.js:325)
  _pressKey (phantomjs://code/inputs.js:280)
  _sendKeys (phantomjs://code/inputs.js:237)
  _postValueCommand (phantomjs://code/webelement_request_handler.js:288)
  _handle (phantomjs://code/webelement_request_handler.js:72)
  _reroute (phantomjs://code/request_handler.js:61)
  _handle (phantomjs://code/session_request_handler.js:120)
  _reroute (phantomjs://code/request_handler.js:61)
  _handle (phantomjs://code/router_request_handler.js:78)
[ERROR - 2017-10-17T03:24:54.115Z] Session [bb3a9700-b2ea-11e7-8af7-0bfa7c6a3904] - page.onError - msg: ReferenceError: Can't find variable: user_name_keypress
[ERROR - 2017-10-17T03:24:54.115Z] Session [bb3a9700-b2ea-11e7-8af7-0bfa7c6a3904] - page.onError - stack:
  onkeypress (https://educoder.trustie.net/login:77)
  sendEvent (:0)
  _keyEvent (phantomjs://code/inputs.js:325)
  _pressKey (phantomjs://code/inputs.js:280)
  _sendKeys (phantomjs://code/inputs.js:231)
  _postValueCommand (phantomjs://code/webelement_request_handler.js:288)
  _handle (phantomjs://code/webelement_request_handler.js:72)
  _reroute (phantomjs://code/request_handler.js:61)
  _handle (phantomjs://code/session_request_handler.js:120)
  _reroute (phantomjs://code/request_handler.js:61)
  _handle (phantomjs://code/router_request_handler.js:78)
[ERROR - 2017-10-17T03:24:54.116Z] Session [bb3a9700-b2ea-11e7-8af7-0bfa7c6a3904] - page.onError - msg: ReferenceError: Can't find variable: user_name_keypress
[ERROR - 2017-10-17T03:24:54.116Z] Session [bb3a9700-b2ea-11e7-8af7-0bfa7c6a3904] - page.onError - stack:
  onkeypress (https://educoder.trustie.net/login:77)
  sendEvent (:0)
  _keyEvent (phantomjs://code/inputs.js:325)
  _pressKey (phantomjs://code/inputs.js:280)
  _sendKeys (phantomjs://code/inputs.js:237)
  _postValueCommand (phantomjs://code/webelement_request_handler.js:288)
  _handle (phantomjs://code/webelement_request_handler.js:72)
  _reroute (phantomjs://code/request_handler.js:61)
  _handle (phantomjs://code/session_request_handler.js:120)
  _reroute (phantomjs://code/request_handler.js:61)
  _handle (phantomjs://code/router_request_handler.js:78)
[ERROR - 2017-10-17T03:24:54.117Z] Session [bb3a9700-b2ea-11e7-8af7-0bfa7c6a3904] - page.onError - msg: ReferenceError: Can't find variable: user_name_keypress
[ERROR - 2017-10-17T03:24:54.117Z] Session [bb3a9700-b2ea-11e7-8af7-0bfa7c6a3904] - page.onError - stack:
  onkeypress (https://educoder.trustie.net/login:77)
  sendEvent (:0)
  _keyEvent (phantomjs://code/inputs.js:325)
  _pressKey (phantomjs://code/inputs.js:280)
  _sendKeys (phantomjs://code/inputs.js:237)
  _postValueCommand (phantomjs://code/webelement_request_handler.js:288)
  _handle (phantomjs://code/webelement_request_handler.js:72)
  _reroute (phantomjs://code/request_handler.js:61)
  _handle (phantomjs://code/session_request_handler.js:120)
  _reroute (phantomjs://code/request_handler.js:61)
  _handle (phantomjs://code/router_request_handler.js:78)
[ERROR - 2017-10-17T03:24:54.119Z] Session [bb3a9700-b2ea-11e7-8af7-0bfa7c6a3904] - page.onError - msg: ReferenceError: Can't find variable: user_name_keypress
[ERROR - 2017-10-17T03:24:54.119Z] Session [bb3a9700-b2ea-11e7-8af7-0bfa7c6a3904] - page.onError - stack:
  onkeypress (https://educoder.trustie.net/login:77)
  sendEvent (:0)
  _keyEvent (phantomjs://code/inputs.js:325)
  _pressKey (phantomjs://code/inputs.js:280)
  _sendKeys (phantomjs://code/inputs.js:237)
  _postValueCommand (phantomjs://code/webelement_request_handler.js:288)
  _handle (phantomjs://code/webelement_request_handler.js:72)
  _reroute (phantomjs://code/request_handler.js:61)
  _handle (phantomjs://code/session_request_handler.js:120)
  _reroute (phantomjs://code/request_handler.js:61)
  _handle (phantomjs://code/router_request_handler.js:78)
[ERROR - 2017-10-17T03:24:54.120Z] Session [bb3a9700-b2ea-11e7-8af7-0bfa7c6a3904] - page.onError - msg: ReferenceError: Can't find variable: user_name_keypress
[ERROR - 2017-10-17T03:24:54.120Z] Session [bb3a9700-b2ea-11e7-8af7-0bfa7c6a3904] - page.onError - stack:
  onkeypress (https://educoder.trustie.net/login:77)
  sendEvent (:0)
  _keyEvent (phantomjs://code/inputs.js:325)
  _pressKey (phantomjs://code/inputs.js:280)
  _sendKeys (phantomjs://code/inputs.js:237)
  _postValueCommand (phantomjs://code/webelement_request_handler.js:288)
  _handle (phantomjs://code/webelement_request_handler.js:72)
  _reroute (phantomjs://code/request_handler.js:61)
  _handle (phantomjs://code/session_request_handler.js:120)
  _reroute (phantomjs://code/request_handler.js:61)
  _handle (phantomjs://code/router_request_handler.js:78)
[ERROR - 2017-10-17T03:24:54.121Z] Session [bb3a9700-b2ea-11e7-8af7-0bfa7c6a3904] - page.onError - msg: ReferenceError: Can't find variable: user_name_keypress
[ERROR - 2017-10-17T03:24:54.121Z] Session [bb3a9700-b2ea-11e7-8af7-0bfa7c6a3904] - page.onError - stack:
  onkeypress (https://educoder.trustie.net/login:77)
  sendEvent (:0)
  _keyEvent (phantomjs://code/inputs.js:325)
  _pressKey (phantomjs://code/inputs.js:280)
  _sendKeys (phantomjs://code/inputs.js:237)
  _postValueCommand (phantomjs://code/webelement_request_handler.js:288)
  _handle (phantomjs://code/webelement_request_handler.js:72)
  _reroute (phantomjs://code/request_handler.js:61)
  _handle (phantomjs://code/session_request_handler.js:120)
  _reroute (phantomjs://code/request_handler.js:61)
  _handle (phantomjs://code/router_request_handler.js:78)
[ERROR - 2017-10-17T03:24:54.122Z] Session [bb3a9700-b2ea-11e7-8af7-0bfa7c6a3904] - page.onError - msg: ReferenceError: Can't find variable: user_name_keypress
[ERROR - 2017-10-17T03:24:54.122Z] Session [bb3a9700-b2ea-11e7-8af7-0bfa7c6a3904] - page.onError - stack:
  onkeypress (https://educoder.trustie.net/login:77)
  sendEvent (:0)
  _keyEvent (phantomjs://code/inputs.js:325)
  _pressKey (phantomjs://code/inputs.js:280)
  _sendKeys (phantomjs://code/inputs.js:237)
  _postValueCommand (phantomjs://code/webelement_request_handler.js:288)
  _handle (phantomjs://code/webelement_request_handler.js:72)
  _reroute (phantomjs://code/request_handler.js:61)
  _handle (phantomjs://code/session_request_handler.js:120)
  _reroute (phantomjs://code/request_handler.js:61)
  _handle (phantomjs://code/router_request_handler.js:78)
[ERROR - 2017-10-17T03:24:54.124Z] Session [bb3a9700-b2ea-11e7-8af7-0bfa7c6a3904] - page.onError - msg: ReferenceError: Can't find variable: user_name_keypress
[ERROR - 2017-10-17T03:24:54.124Z] Session [bb3a9700-b2ea-11e7-8af7-0bfa7c6a3904] - page.onError - stack:
  onkeypress (https://educoder.trustie.net/login:77)
  sendEvent (:0)
  _keyEvent (phantomjs://code/inputs.js:325)
  _pressKey (phantomjs://code/inputs.js:280)
  _sendKeys (phantomjs://code/inputs.js:237)
  _postValueCommand (phantomjs://code/webelement_request_handler.js:288)
  _handle (phantomjs://code/webelement_request_handler.js:72)
  _reroute (phantomjs://code/request_handler.js:61)
  _handle (phantomjs://code/session_request_handler.js:120)
  _reroute (phantomjs://code/request_handler.js:61)
  _handle (phantomjs://code/router_request_handler.js:78)
[ERROR - 2017-10-17T03:24:54.184Z] Session [bb3a9700-b2ea-11e7-8af7-0bfa7c6a3904] - page.onError - msg: ReferenceError: Can't find variable: user_name_keypress
[ERROR - 2017-10-17T03:24:54.184Z] Session [bb3a9700-b2ea-11e7-8af7-0bfa7c6a3904] - page.onError - stack:
  onkeypress (https://educoder.trustie.net/login:81)
  sendEvent (:0)
  _keyEvent (phantomjs://code/inputs.js:325)
  _pressKey (phantomjs://code/inputs.js:280)
  _sendKeys (phantomjs://code/inputs.js:237)
  _postValueCommand (phantomjs://code/webelement_request_handler.js:288)
  _handle (phantomjs://code/webelement_request_handler.js:72)
  _reroute (phantomjs://code/request_handler.js:61)
  _handle (phantomjs://code/session_request_handler.js:120)
  _reroute (phantomjs://code/request_handler.js:61)
  _handle (phantomjs://code/router_request_handler.js:78)
[ERROR - 2017-10-17T03:24:54.202Z] Session [bb3a9700-b2ea-11e7-8af7-0bfa7c6a3904] - page.onError - msg: ReferenceError: Can't find variable: user_name_keypress
[ERROR - 2017-10-17T03:24:54.203Z] Session [bb3a9700-b2ea-11e7-8af7-0bfa7c6a3904] - page.onError - stack:
  onkeypress (https://educoder.trustie.net/login:81)
  sendEvent (:0)
  _keyEvent (phantomjs://code/inputs.js:325)
  _pressKey (phantomjs://code/inputs.js:280)
  _sendKeys (phantomjs://code/inputs.js:237)
  _postValueCommand (phantomjs://code/webelement_request_handler.js:288)
  _handle (phantomjs://code/webelement_request_handler.js:72)
  _reroute (phantomjs://code/request_handler.js:61)
  _handle (phantomjs://code/session_request_handler.js:120)
  _reroute (phantomjs://code/request_handler.js:61)
  _handle (phantomjs://code/router_request_handler.js:78)
[ERROR - 2017-10-17T03:24:54.204Z] Session [bb3a9700-b2ea-11e7-8af7-0bfa7c6a3904] - page.onError - msg: ReferenceError: Can't find variable: user_name_keypress
[ERROR - 2017-10-17T03:24:54.204Z] Session [bb3a9700-b2ea-11e7-8af7-0bfa7c6a3904] - page.onError - stack:
  onkeypress (https://educoder.trustie.net/login:81)
  sendEvent (:0)
  _keyEvent (phantomjs://code/inputs.js:325)
  _pressKey (phantomjs://code/inputs.js:280)
  _sendKeys (phantomjs://code/inputs.js:237)
  _postValueCommand (phantomjs://code/webelement_request_handler.js:288)
  _handle (phantomjs://code/webelement_request_handler.js:72)
  _reroute (phantomjs://code/request_handler.js:61)
  _handle (phantomjs://code/session_request_handler.js:120)
  _reroute (phantomjs://code/request_handler.js:61)
  _handle (phantomjs://code/router_request_handler.js:78)
[ERROR - 2017-10-17T03:24:54.204Z] Session [bb3a9700-b2ea-11e7-8af7-0bfa7c6a3904] - page.onError - msg: ReferenceError: Can't find variable: user_name_keypress
[ERROR - 2017-10-17T03:24:54.205Z] Session [bb3a9700-b2ea-11e7-8af7-0bfa7c6a3904] - page.onError - stack:
  onkeypress (https://educoder.trustie.net/login:81)
  sendEvent (:0)
  _keyEvent (phantomjs://code/inputs.js:325)
  _pressKey (phantomjs://code/inputs.js:280)
  _sendKeys (phantomjs://code/inputs.js:237)
  _postValueCommand (phantomjs://code/webelement_request_handler.js:288)
  _handle (phantomjs://code/webelement_request_handler.js:72)
  _reroute (phantomjs://code/request_handler.js:61)
  _handle (phantomjs://code/session_request_handler.js:120)
  _reroute (phantomjs://code/request_handler.js:61)
  _handle (phantomjs://code/router_request_handler.js:78)
[ERROR - 2017-10-17T03:24:54.205Z] Session [bb3a9700-b2ea-11e7-8af7-0bfa7c6a3904] - page.onError - msg: ReferenceError: Can't find variable: user_name_keypress
[ERROR - 2017-10-17T03:24:54.206Z] Session [bb3a9700-b2ea-11e7-8af7-0bfa7c6a3904] - page.onError - stack:
  onkeypress (https://educoder.trustie.net/login:81)
  sendEvent (:0)
  _keyEvent (phantomjs://code/inputs.js:325)
  _pressKey (phantomjs://code/inputs.js:280)
  _sendKeys (phantomjs://code/inputs.js:237)
  _postValueCommand (phantomjs://code/webelement_request_handler.js:288)
  _handle (phantomjs://code/webelement_request_handler.js:72)
  _reroute (phantomjs://code/request_handler.js:61)
  _handle (phantomjs://code/session_request_handler.js:120)
  _reroute (phantomjs://code/request_handler.js:61)
  _handle (phantomjs://code/router_request_handler.js:78)
[ERROR - 2017-10-17T03:24:54.207Z] Session [bb3a9700-b2ea-11e7-8af7-0bfa7c6a3904] - page.onError - msg: ReferenceError: Can't find variable: user_name_keypress
[ERROR - 2017-10-17T03:24:54.207Z] Session [bb3a9700-b2ea-11e7-8af7-0bfa7c6a3904] - page.onError - stack:
  onkeypress (https://educoder.trustie.net/login:81)
  sendEvent (:0)
  _keyEvent (phantomjs://code/inputs.js:325)
  _pressKey (phantomjs://code/inputs.js:280)
  _sendKeys (phantomjs://code/inputs.js:237)
  _postValueCommand (phantomjs://code/webelement_request_handler.js:288)
  _handle (phantomjs://code/webelement_request_handler.js:72)
  _reroute (phantomjs://code/request_handler.js:61)
  _handle (phantomjs://code/session_request_handler.js:120)
  _reroute (phantomjs://code/request_handler.js:61)
  _handle (phantomjs://code/router_request_handler.js:78)
[ERROR - 2017-10-17T03:24:54.207Z] Session [bb3a9700-b2ea-11e7-8af7-0bfa7c6a3904] - page.onError - msg: ReferenceError: Can't find variable: user_name_keypress
[ERROR - 2017-10-17T03:24:54.208Z] Session [bb3a9700-b2ea-11e7-8af7-0bfa7c6a3904] - page.onError - stack:
  onkeypress (https://educoder.trustie.net/login:81)
  sendEvent (:0)
  _keyEvent (phantomjs://code/inputs.js:325)
  _pressKey (phantomjs://code/inputs.js:280)
  _sendKeys (phantomjs://code/inputs.js:237)
  _postValueCommand (phantomjs://code/webelement_request_handler.js:288)
  _handle (phantomjs://code/webelement_request_handler.js:72)
  _reroute (phantomjs://code/request_handler.js:61)
  _handle (phantomjs://code/session_request_handler.js:120)
  _reroute (phantomjs://code/request_handler.js:61)
  _handle (phantomjs://code/router_request_handler.js:78)
[ERROR - 2017-10-17T03:24:54.208Z] Session [bb3a9700-b2ea-11e7-8af7-0bfa7c6a3904] - page.onError - msg: ReferenceError: Can't find variable: user_name_keypress
[ERROR - 2017-10-17T03:24:54.209Z] Session [bb3a9700-b2ea-11e7-8af7-0bfa7c6a3904] - page.onError - stack:
  onkeypress (https://educoder.trustie.net/login:81)
  sendEvent (:0)
  _keyEvent (phantomjs://code/inputs.js:325)
  _pressKey (phantomjs://code/inputs.js:280)
  _sendKeys (phantomjs://code/inputs.js:237)
  _postValueCommand (phantomjs://code/webelement_request_handler.js:288)
  _handle (phantomjs://code/webelement_request_handler.js:72)
  _reroute (phantomjs://code/request_handler.js:61)
  _handle (phantomjs://code/session_request_handler.js:120)
  _reroute (phantomjs://code/request_handler.js:61)
  _handle (phantomjs://code/router_request_handler.js:78)
[ERROR - 2017-10-17T03:24:56.864Z] Session [bb3a9700-b2ea-11e7-8af7-0bfa7c6a3904] - page.onError - msg: ReferenceError: Can't find variable: prettyPrint
[ERROR - 2017-10-17T03:24:56.864Z] Session [bb3a9700-b2ea-11e7-8af7-0bfa7c6a3904] - page.onError - stack:
  onload (https://educoder.trustie.net/users/m92407385:43)
[INFO  - 2017-10-17T03:29:48.892Z] SessionManagerReqHand - _cleanupWindowlessSessions - Asynchronous Sessions clean-up phase starting NOW
[INFO  - 2017-10-17T03:34:48.892Z] SessionManagerReqHand - _cleanupWindowlessSessions - Asynchronous Sessions clean-up phase starting NOW
